2017-07-15 17:24:03,463 [Worker-18] INFO  o.e.m.c.i.e.AbstractTransferListenerAdapter - Downloaded http://nexus:8081/nexus/content/groups/build.snapshots/org/springframework/boot/spring-boot-starter-parent/1.5.4.RELEASE/spring-boot-starter-parent-1.5.4.RELEASE.pom
2017-07-15 17:24:03,608 [Worker-18] INFO  o.e.m.c.i.p.ProjectConfigurationManager - Imported and configured 1 project(s) in 13 sec
2017-07-15 17:24:03,611 [Worker-18] INFO  o.e.m.c.i.p.ProjectConfigurationManager - Update started
2017-07-15 17:24:03,653 [Worker-18] INFO  o.e.m.c.i.p.ProjectConfigurationManager - Update completed: 0 sec
2017-07-15 17:29:05,232 [Worker-25] ERROR o.e.m.c.i.p.r.ProjectRegistryManager - Failed to read Maven project: 1 problem was encountered while building the effective model for com.swiggy.hackathrone:Swiggy-API2-FetchRestaurantItems:0.0.1-SNAPSHOT
[FATAL] Non-resolvable parent POM for com.swiggy.hackathrone:Swiggy-API2-FetchRestaurantItems:0.0.1-SNAPSHOT: Failure to transfer org.springframework.boot:spring-boot-starter-parent:pom:1.5.4.RELEASE from http://nexus:8081/nexus/content/groups/build.snapshots/ was cached in the local repository, resolution will not be reattempted until the update interval of central has elapsed or updates are forced. Original error: Could not transfer artifact org.springframework.boot:spring-boot-starter-parent:pom:1.5.4.RELEASE from/to central (http://nexus:8081/nexus/content/groups/build.snapshots/): nexus and 'parent.relativePath' points at no local POM @ line 14, column 10
 for project com.swiggy.hackathrone:Swiggy-API2-FetchRestaurantItems:0.0.1-SNAPSHOT at C:\Users\i318443\Desktop\Swiggy\Swiggy-Hackathrone\Swiggy-API2-FetchRestaurantItems\pom.xml
org.apache.maven.project.ProjectBuildingException: 1 problem was encountered while building the effective model for com.swiggy.hackathrone:Swiggy-API2-FetchRestaurantItems:0.0.1-SNAPSHOT
[FATAL] Non-resolvable parent POM for com.swiggy.hackathrone:Swiggy-API2-FetchRestaurantItems:0.0.1-SNAPSHOT: Failure to transfer org.springframework.boot:spring-boot-starter-parent:pom:1.5.4.RELEASE from http://nexus:8081/nexus/content/groups/build.snapshots/ was cached in the local repository, resolution will not be reattempted until the update interval of central has elapsed or updates are forced. Original error: Could not transfer artifact org.springframework.boot:spring-boot-starter-parent:pom:1.5.4.RELEASE from/to central (http://nexus:8081/nexus/content/groups/build.snapshots/): nexus and 'parent.relativePath' points at no local POM @ line 14, column 10
 for project com.swiggy.hackathrone:Swiggy-API2-FetchRestaurantItems:0.0.1-SNAPSHOT at C:\Users\i318443\Desktop\Swiggy\Swiggy-Hackathrone\Swiggy-API2-FetchRestaurantItems\pom.xml
	at org.apache.maven.project.DefaultProjectBuilder.build(DefaultProjectBuilder.java:168) ~[maven-core-3.3.9.jar:3.3.9]
	at org.apache.maven.project.DefaultProjectBuilder.build(DefaultProjectBuilder.java:119) ~[maven-core-3.3.9.jar:3.3.9]
	at org.eclipse.m2e.core.internal.embedder.MavenImpl.readMavenProject(MavenImpl.java:636) ~[org.eclipse.m2e.core_1.7.0.20160603-1933.jar:na]
	at org.eclipse.m2e.core.internal.project.registry.ProjectRegistryManager$5.call(ProjectRegistryManager.java:816) ~[org.eclipse.m2e.core_1.7.0.20160603-1933.jar:na]
	at org.eclipse.m2e.core.internal.project.registry.ProjectRegistryManager$5.call(ProjectRegistryManager.java:1) ~[org.eclipse.m2e.core_1.7.0.20160603-1933.jar:na]
	at org.eclipse.m2e.core.internal.embedder.MavenExecutionContext.executeBare(MavenExecutionContext.java:176) ~[org.eclipse.m2e.core_1.7.0.20160603-1933.jar:na]
	at org.eclipse.m2e.core.internal.embedder.MavenExecutionContext.execute(MavenExecutionContext.java:151) ~[org.eclipse.m2e.core_1.7.0.20160603-1933.jar:na]
	at org.eclipse.m2e.core.internal.embedder.MavenExecutionContext.execute(MavenExecutionContext.java:99) ~[org.eclipse.m2e.core_1.7.0.20160603-1933.jar:na]
	at org.eclipse.m2e.core.internal.project.registry.ProjectRegistryManager.execute(ProjectRegistryManager.java:967) ~[org.eclipse.m2e.core_1.7.0.20160603-1933.jar:na]
	at org.eclipse.m2e.core.internal.project.registry.ProjectRegistryManager.readProjectWithDependencies(ProjectRegistryManager.java:811) ~[org.eclipse.m2e.core_1.7.0.20160603-1933.jar:na]
	at org.eclipse.m2e.core.internal.project.registry.ProjectRegistryManager.create(ProjectRegistryManager.java:192) ~[org.eclipse.m2e.core_1.7.0.20160603-1933.jar:na]
	at org.eclipse.m2e.core.internal.project.registry.MavenProjectManager.create(MavenProjectManager.java:80) [org.eclipse.m2e.core_1.7.0.20160603-1933.jar:na]
	at org.eclipse.m2e.core.ui.internal.actions.SelectionUtil.getMavenProject(SelectionUtil.java:259) [org.eclipse.m2e.core.ui_1.7.0.20160603-1933.jar:na]
	at org.eclipse.m2e.editor.pom.MavenPomEditor.readMavenProject(MavenPomEditor.java:732) [org.eclipse.m2e.editor_1.7.0.20160603-1933.jar:na]
	at org.eclipse.m2e.editor.pom.MavenPomEditor$5.run(MavenPomEditor.java:1053) [org.eclipse.m2e.editor_1.7.0.20160603-1933.jar:na]
	at org.eclipse.core.internal.jobs.Worker.run(Worker.java:55) [org.eclipse.core.jobs_3.8.0.v20160509-0411.jar:na]
Caused by: org.apache.maven.model.building.ModelBuildingException: 1 problem was encountered while building the effective model for com.swiggy.hackathrone:Swiggy-API2-FetchRestaurantItems:0.0.1-SNAPSHOT
[FATAL] Non-resolvable parent POM for com.swiggy.hackathrone:Swiggy-API2-FetchRestaurantItems:0.0.1-SNAPSHOT: Failure to transfer org.springframework.boot:spring-boot-starter-parent:pom:1.5.4.RELEASE from http://nexus:8081/nexus/content/groups/build.snapshots/ was cached in the local repository, resolution will not be reattempted until the update interval of central has elapsed or updates are forced. Original error: Could not transfer artifact org.springframework.boot:spring-boot-starter-parent:pom:1.5.4.RELEASE from/to central (http://nexus:8081/nexus/content/groups/build.snapshots/): nexus and 'parent.relativePath' points at no local POM @ line 14, column 10

	at org.apache.maven.model.building.DefaultModelProblemCollector.newModelBuildingException(DefaultModelProblemCollector.java:197) ~[maven-model-builder-3.3.9.jar:3.3.9]
	at org.apache.maven.model.building.DefaultModelBuilder.readParentExternally(DefaultModelBuilder.java:1029) ~[maven-model-builder-3.3.9.jar:3.3.9]
	at org.apache.maven.model.building.DefaultModelBuilder.readParent(DefaultModelBuilder.java:800) ~[maven-model-builder-3.3.9.jar:3.3.9]
	at org.apache.maven.model.building.DefaultModelBuilder.build(DefaultModelBuilder.java:329) ~[maven-model-builder-3.3.9.jar:3.3.9]
	at org.apache.maven.project.DefaultProjectBuilder.build(DefaultProjectBuilder.java:161) ~[maven-core-3.3.9.jar:3.3.9]
	... 15 common frames omitted
2017-07-15 17:29:15,485 [Worker-21] INFO  o.e.m.c.i.p.ProjectConfigurationManager - Update started
2017-07-15 17:29:15,503 [Worker-21] INFO  o.e.m.c.i.p.ProjectConfigurationManager - Update completed: 0 sec
2017-07-15 17:36:09,611 [Worker-26] INFO  o.e.m.c.i.p.ProjectConfigurationManager - Update started
2017-07-15 17:36:16,325 [Worker-26] INFO  o.e.m.c.i.e.AbstractTransferListenerAdapter - Downloading https://repo.maven.apache.org/maven2/org/springframework/boot/spring-boot-starter-parent/1.5.4.RELEASE/spring-boot-starter-parent-1.5.4.RELEASE.pom
2017-07-15 17:36:16,743 [Worker-26] INFO  o.e.m.c.i.e.AbstractTransferListenerAdapter - Downloaded https://repo.maven.apache.org/maven2/org/springframework/boot/spring-boot-starter-parent/1.5.4.RELEASE/spring-boot-starter-parent-1.5.4.RELEASE.pom
2017-07-15 17:36:17,066 [Worker-26] INFO  o.e.m.c.i.e.AbstractTransferListenerAdapter - Downloading https://repo.maven.apache.org/maven2/org/springframework/boot/spring-boot-dependencies/1.5.4.RELEASE/spring-boot-dependencies-1.5.4.RELEASE.pom
2017-07-15 17:36:18,104 [Worker-26] INFO  o.e.m.c.i.e.AbstractTransferListenerAdapter - Downloaded https://repo.maven.apache.org/maven2/org/springframework/boot/spring-boot-dependencies/1.5.4.RELEASE/spring-boot-dependencies-1.5.4.RELEASE.pom
2017-07-15 17:36:18,657 [Worker-26] INFO  o.e.m.c.i.e.AbstractTransferListenerAdapter - Downloading https://repo.maven.apache.org/maven2/org/springframework/spring-framework-bom/4.3.9.RELEASE/spring-framework-bom-4.3.9.RELEASE.pom
2017-07-15 17:36:19,040 [Worker-26] INFO  o.e.m.c.i.e.AbstractTransferListenerAdapter - Downloaded https://repo.maven.apache.org/maven2/org/springframework/spring-framework-bom/4.3.9.RELEASE/spring-framework-bom-4.3.9.RELEASE.pom
2017-07-15 17:36:19,765 [Worker-26] INFO  o.e.m.c.i.e.AbstractTransferListenerAdapter - Downloading https://repo.maven.apache.org/maven2/org/springframework/data/spring-data-releasetrain/Ingalls-SR4/spring-data-releasetrain-Ingalls-SR4.pom
2017-07-15 17:36:20,092 [Worker-26] INFO  o.e.m.c.i.e.AbstractTransferListenerAdapter - Downloaded https://repo.maven.apache.org/maven2/org/springframework/data/spring-data-releasetrain/Ingalls-SR4/spring-data-releasetrain-Ingalls-SR4.pom
2017-07-15 17:36:20,390 [Worker-26] INFO  o.e.m.c.i.e.AbstractTransferListenerAdapter - Downloading https://repo.maven.apache.org/maven2/org/springframework/data/build/spring-data-build/1.9.4.RELEASE/spring-data-build-1.9.4.RELEASE.pom
2017-07-15 17:36:20,714 [Worker-26] INFO  o.e.m.c.i.e.AbstractTransferListenerAdapter - Downloaded https://repo.maven.apache.org/maven2/org/springframework/data/build/spring-data-build/1.9.4.RELEASE/spring-data-build-1.9.4.RELEASE.pom
2017-07-15 17:36:21,014 [Worker-26] INFO  o.e.m.c.i.e.AbstractTransferListenerAdapter - Downloading https://repo.maven.apache.org/maven2/org/springframework/integration/spring-integration-bom/4.3.10.RELEASE/spring-integration-bom-4.3.10.RELEASE.pom
2017-07-15 17:36:21,341 [Worker-26] INFO  o.e.m.c.i.e.AbstractTransferListenerAdapter - Downloaded https://repo.maven.apache.org/maven2/org/springframework/integration/spring-integration-bom/4.3.10.RELEASE/spring-integration-bom-4.3.10.RELEASE.pom
2017-07-15 17:36:21,623 [Worker-26] INFO  o.e.m.c.i.e.AbstractTransferListenerAdapter - Downloading https://repo.maven.apache.org/maven2/org/springframework/security/spring-security-bom/4.2.3.RELEASE/spring-security-bom-4.2.3.RELEASE.pom
2017-07-15 17:36:22,005 [Worker-26] INFO  o.e.m.c.i.e.AbstractTransferListenerAdapter - Downloaded https://repo.maven.apache.org/maven2/org/springframework/security/spring-security-bom/4.2.3.RELEASE/spring-security-bom-4.2.3.RELEASE.pom
2017-07-15 17:36:23,479 [Worker-26] INFO  o.e.m.c.i.e.AbstractTransferListenerAdapter - Downloading https://repo.maven.apache.org/maven2/org/springframework/boot/spring-boot-maven-plugin/1.5.4.RELEASE/spring-boot-maven-plugin-1.5.4.RELEASE.pom
2017-07-15 17:36:24,164 [Worker-26] INFO  o.e.m.c.i.e.AbstractTransferListenerAdapter - Downloaded https://repo.maven.apache.org/maven2/org/springframework/boot/spring-boot-maven-plugin/1.5.4.RELEASE/spring-boot-maven-plugin-1.5.4.RELEASE.pom
2017-07-15 17:36:24,678 [Worker-26] INFO  o.e.m.c.i.e.AbstractTransferListenerAdapter - Downloading https://repo.maven.apache.org/maven2/org/springframework/boot/spring-boot-tools/1.5.4.RELEASE/spring-boot-tools-1.5.4.RELEASE.pom
2017-07-15 17:36:25,390 [Worker-26] INFO  o.e.m.c.i.e.AbstractTransferListenerAdapter - Downloaded https://repo.maven.apache.org/maven2/org/springframework/boot/spring-boot-tools/1.5.4.RELEASE/spring-boot-tools-1.5.4.RELEASE.pom
2017-07-15 17:36:25,691 [Worker-26] INFO  o.e.m.c.i.e.AbstractTransferListenerAdapter - Downloading https://repo.maven.apache.org/maven2/org/springframework/boot/spring-boot-parent/1.5.4.RELEASE/spring-boot-parent-1.5.4.RELEASE.pom
2017-07-15 17:36:26,378 [Worker-26] INFO  o.e.m.c.i.e.AbstractTransferListenerAdapter - Downloaded https://repo.maven.apache.org/maven2/org/springframework/boot/spring-boot-parent/1.5.4.RELEASE/spring-boot-parent-1.5.4.RELEASE.pom
2017-07-15 17:36:26,723 [Worker-26] INFO  o.e.m.c.i.e.AbstractTransferListenerAdapter - Downloading https://repo.maven.apache.org/maven2/org/springframework/boot/spring-boot-maven-plugin/1.5.4.RELEASE/spring-boot-maven-plugin-1.5.4.RELEASE.jar
2017-07-15 17:36:27,376 [Worker-26] INFO  o.e.m.c.i.e.AbstractTransferListenerAdapter - Downloaded https://repo.maven.apache.org/maven2/org/springframework/boot/spring-boot-maven-plugin/1.5.4.RELEASE/spring-boot-maven-plugin-1.5.4.RELEASE.jar
2017-07-15 17:36:31,155 [Worker-26] INFO  o.e.m.c.i.l.LifecycleMappingFactory - Using org.eclipse.m2e.jdt.JarLifecycleMapping lifecycle mapping for MavenProject: com.swiggy.hackathrone:Swiggy-API2-FetchRestaurantItems:0.0.1-SNAPSHOT @ C:\Users\i318443\Desktop\Swiggy\Swiggy-Hackathrone\Swiggy-API2-FetchRestaurantItems\pom.xml.
2017-07-15 17:36:31,500 [Worker-26] INFO  o.e.m.c.i.e.AbstractTransferListenerAdapter - Downloading https://repo.maven.apache.org/maven2/org/springframework/boot/spring-boot-starter-web/1.5.4.RELEASE/spring-boot-starter-web-1.5.4.RELEASE.pom
2017-07-15 17:36:31,807 [Worker-26] INFO  o.e.m.c.i.e.AbstractTransferListenerAdapter - Downloaded https://repo.maven.apache.org/maven2/org/springframework/boot/spring-boot-starter-web/1.5.4.RELEASE/spring-boot-starter-web-1.5.4.RELEASE.pom
2017-07-15 17:36:32,201 [Worker-26] INFO  o.e.m.c.i.e.AbstractTransferListenerAdapter - Downloading https://repo.maven.apache.org/maven2/org/springframework/boot/spring-boot-starters/1.5.4.RELEASE/spring-boot-starters-1.5.4.RELEASE.pom
2017-07-15 17:36:32,503 [Worker-26] INFO  o.e.m.c.i.e.AbstractTransferListenerAdapter - Downloaded https://repo.maven.apache.org/maven2/org/springframework/boot/spring-boot-starters/1.5.4.RELEASE/spring-boot-starters-1.5.4.RELEASE.pom
2017-07-15 17:36:32,957 [Worker-26] INFO  o.e.m.c.i.e.AbstractTransferListenerAdapter - Downloading https://repo.maven.apache.org/maven2/org/springframework/boot/spring-boot-starter/1.5.4.RELEASE/spring-boot-starter-1.5.4.RELEASE.pom
2017-07-15 17:36:33,571 [Worker-26] INFO  o.e.m.c.i.e.AbstractTransferListenerAdapter - Downloaded https://repo.maven.apache.org/maven2/org/springframework/boot/spring-boot-starter/1.5.4.RELEASE/spring-boot-starter-1.5.4.RELEASE.pom
2017-07-15 17:36:33,866 [Worker-26] INFO  o.e.m.c.i.e.AbstractTransferListenerAdapter - Downloading https://repo.maven.apache.org/maven2/org/springframework/boot/spring-boot/1.5.4.RELEASE/spring-boot-1.5.4.RELEASE.pom
2017-07-15 17:36:34,258 [Worker-26] INFO  o.e.m.c.i.e.AbstractTransferListenerAdapter - Downloaded https://repo.maven.apache.org/maven2/org/springframework/boot/spring-boot/1.5.4.RELEASE/spring-boot-1.5.4.RELEASE.pom
2017-07-15 17:36:34,588 [Worker-26] INFO  o.e.m.c.i.e.AbstractTransferListenerAdapter - Downloading https://repo.maven.apache.org/maven2/org/springframework/spring-core/4.3.9.RELEASE/spring-core-4.3.9.RELEASE.pom
2017-07-15 17:36:34,950 [Worker-26] INFO  o.e.m.c.i.e.AbstractTransferListenerAdapter - Downloaded https://repo.maven.apache.org/maven2/org/springframework/spring-core/4.3.9.RELEASE/spring-core-4.3.9.RELEASE.pom
2017-07-15 17:36:35,236 [Worker-26] INFO  o.e.m.c.i.e.AbstractTransferListenerAdapter - Downloading https://repo.maven.apache.org/maven2/org/springframework/spring-context/4.3.9.RELEASE/spring-context-4.3.9.RELEASE.pom
2017-07-15 17:36:35,559 [Worker-26] INFO  o.e.m.c.i.e.AbstractTransferListenerAdapter - Downloaded https://repo.maven.apache.org/maven2/org/springframework/spring-context/4.3.9.RELEASE/spring-context-4.3.9.RELEASE.pom
2017-07-15 17:36:35,836 [Worker-26] INFO  o.e.m.c.i.e.AbstractTransferListenerAdapter - Downloading https://repo.maven.apache.org/maven2/org/springframework/spring-aop/4.3.9.RELEASE/spring-aop-4.3.9.RELEASE.pom
2017-07-15 17:36:36,162 [Worker-26] INFO  o.e.m.c.i.e.AbstractTransferListenerAdapter - Downloaded https://repo.maven.apache.org/maven2/org/springframework/spring-aop/4.3.9.RELEASE/spring-aop-4.3.9.RELEASE.pom
2017-07-15 17:36:36,444 [Worker-26] INFO  o.e.m.c.i.e.AbstractTransferListenerAdapter - Downloading https://repo.maven.apache.org/maven2/org/springframework/spring-beans/4.3.9.RELEASE/spring-beans-4.3.9.RELEASE.pom
2017-07-15 17:36:36,740 [Worker-26] INFO  o.e.m.c.i.e.AbstractTransferListenerAdapter - Downloaded https://repo.maven.apache.org/maven2/org/springframework/spring-beans/4.3.9.RELEASE/spring-beans-4.3.9.RELEASE.pom
2017-07-15 17:36:37,354 [Worker-26] INFO  o.e.m.c.i.e.AbstractTransferListenerAdapter - Downloading https://repo.maven.apache.org/maven2/org/springframework/spring-expression/4.3.9.RELEASE/spring-expression-4.3.9.RELEASE.pom
2017-07-15 17:36:37,702 [Worker-26] INFO  o.e.m.c.i.e.AbstractTransferListenerAdapter - Downloaded https://repo.maven.apache.org/maven2/org/springframework/spring-expression/4.3.9.RELEASE/spring-expression-4.3.9.RELEASE.pom
2017-07-15 17:36:37,996 [Worker-26] INFO  o.e.m.c.i.e.AbstractTransferListenerAdapter - Downloading https://repo.maven.apache.org/maven2/org/springframework/boot/spring-boot-autoconfigure/1.5.4.RELEASE/spring-boot-autoconfigure-1.5.4.RELEASE.pom
2017-07-15 17:36:38,344 [Worker-26] INFO  o.e.m.c.i.e.AbstractTransferListenerAdapter - Downloaded https://repo.maven.apache.org/maven2/org/springframework/boot/spring-boot-autoconfigure/1.5.4.RELEASE/spring-boot-autoconfigure-1.5.4.RELEASE.pom
2017-07-15 17:36:38,627 [Worker-26] INFO  o.e.m.c.i.e.AbstractTransferListenerAdapter - Downloading https://repo.maven.apache.org/maven2/org/springframework/boot/spring-boot-starter-logging/1.5.4.RELEASE/spring-boot-starter-logging-1.5.4.RELEASE.pom
2017-07-15 17:36:38,926 [Worker-26] INFO  o.e.m.c.i.e.AbstractTransferListenerAdapter - Downloaded https://repo.maven.apache.org/maven2/org/springframework/boot/spring-boot-starter-logging/1.5.4.RELEASE/spring-boot-starter-logging-1.5.4.RELEASE.pom
2017-07-15 17:36:39,327 [Worker-26] INFO  o.e.m.c.i.e.AbstractTransferListenerAdapter - Downloading https://repo.maven.apache.org/maven2/org/springframework/boot/spring-boot-starter-tomcat/1.5.4.RELEASE/spring-boot-starter-tomcat-1.5.4.RELEASE.pom
2017-07-15 17:36:39,642 [Worker-26] INFO  o.e.m.c.i.e.AbstractTransferListenerAdapter - Downloaded https://repo.maven.apache.org/maven2/org/springframework/boot/spring-boot-starter-tomcat/1.5.4.RELEASE/spring-boot-starter-tomcat-1.5.4.RELEASE.pom
2017-07-15 17:36:39,940 [Worker-26] INFO  o.e.m.c.i.e.AbstractTransferListenerAdapter - Downloading https://repo.maven.apache.org/maven2/org/apache/tomcat/embed/tomcat-embed-core/8.5.15/tomcat-embed-core-8.5.15.pom
2017-07-15 17:36:40,260 [Worker-26] INFO  o.e.m.c.i.e.AbstractTransferListenerAdapter - Downloaded https://repo.maven.apache.org/maven2/org/apache/tomcat/embed/tomcat-embed-core/8.5.15/tomcat-embed-core-8.5.15.pom
2017-07-15 17:36:40,570 [Worker-26] INFO  o.e.m.c.i.e.AbstractTransferListenerAdapter - Downloading https://repo.maven.apache.org/maven2/org/apache/tomcat/embed/tomcat-embed-el/8.5.15/tomcat-embed-el-8.5.15.pom
2017-07-15 17:36:40,874 [Worker-26] INFO  o.e.m.c.i.e.AbstractTransferListenerAdapter - Downloaded https://repo.maven.apache.org/maven2/org/apache/tomcat/embed/tomcat-embed-el/8.5.15/tomcat-embed-el-8.5.15.pom
2017-07-15 17:36:41,189 [Worker-26] INFO  o.e.m.c.i.e.AbstractTransferListenerAdapter - Downloading https://repo.maven.apache.org/maven2/org/apache/tomcat/embed/tomcat-embed-websocket/8.5.15/tomcat-embed-websocket-8.5.15.pom
2017-07-15 17:36:41,605 [Worker-26] INFO  o.e.m.c.i.e.AbstractTransferListenerAdapter - Downloaded https://repo.maven.apache.org/maven2/org/apache/tomcat/embed/tomcat-embed-websocket/8.5.15/tomcat-embed-websocket-8.5.15.pom
2017-07-15 17:36:42,992 [Worker-26] INFO  o.e.m.c.i.e.AbstractTransferListenerAdapter - Downloaded http://repo.spring.io/ext-release-local/org/jboss/shrinkwrap/shrinkwrap-bom/1.2.3/shrinkwrap-bom-1.2.3.pom
2017-07-15 17:36:43,383 [Worker-26] INFO  o.e.m.c.i.e.AbstractTransferListenerAdapter - Downloaded http://repo.spring.io/milestone/org/jboss/shrinkwrap/shrinkwrap-bom/1.2.3/shrinkwrap-bom-1.2.3.pom
2017-07-15 17:36:43,716 [Worker-26] INFO  o.e.m.c.i.e.AbstractTransferListenerAdapter - Downloaded http://repo.spring.io/snapshot/org/jboss/shrinkwrap/shrinkwrap-bom/1.2.3/shrinkwrap-bom-1.2.3.pom
2017-07-15 17:36:44,346 [Worker-26] INFO  o.e.m.c.i.e.AbstractTransferListenerAdapter - Downloaded http://repo.spring.io/ext-release-local/org/jboss/shrinkwrap/resolver/shrinkwrap-resolver-bom/2.2.0/shrinkwrap-resolver-bom-2.2.0.pom
2017-07-15 17:36:44,639 [Worker-26] INFO  o.e.m.c.i.e.AbstractTransferListenerAdapter - Downloaded http://repo.spring.io/milestone/org/jboss/shrinkwrap/resolver/shrinkwrap-resolver-bom/2.2.0/shrinkwrap-resolver-bom-2.2.0.pom
2017-07-15 17:36:44,931 [Worker-26] INFO  o.e.m.c.i.e.AbstractTransferListenerAdapter - Downloaded http://repo.spring.io/snapshot/org/jboss/shrinkwrap/resolver/shrinkwrap-resolver-bom/2.2.0/shrinkwrap-resolver-bom-2.2.0.pom
2017-07-15 17:36:45,567 [Worker-26] INFO  o.e.m.c.i.e.AbstractTransferListenerAdapter - Downloaded http://repo.spring.io/ext-release-local/org/jboss/shrinkwrap/descriptors/shrinkwrap-descriptors-bom/2.0.0-alpha-8/shrinkwrap-descriptors-bom-2.0.0-alpha-8.pom
2017-07-15 17:36:45,892 [Worker-26] INFO  o.e.m.c.i.e.AbstractTransferListenerAdapter - Downloaded http://repo.spring.io/milestone/org/jboss/shrinkwrap/descriptors/shrinkwrap-descriptors-bom/2.0.0-alpha-8/shrinkwrap-descriptors-bom-2.0.0-alpha-8.pom
2017-07-15 17:36:46,193 [Worker-26] INFO  o.e.m.c.i.e.AbstractTransferListenerAdapter - Downloaded http://repo.spring.io/snapshot/org/jboss/shrinkwrap/descriptors/shrinkwrap-descriptors-bom/2.0.0-alpha-8/shrinkwrap-descriptors-bom-2.0.0-alpha-8.pom
2017-07-15 17:36:46,904 [Worker-26] INFO  o.e.m.c.i.e.AbstractTransferListenerAdapter - Downloading https://repo.maven.apache.org/maven2/org/springframework/spring-web/4.3.9.RELEASE/spring-web-4.3.9.RELEASE.pom
2017-07-15 17:36:47,472 [Worker-26] INFO  o.e.m.c.i.e.AbstractTransferListenerAdapter - Downloaded https://repo.maven.apache.org/maven2/org/springframework/spring-web/4.3.9.RELEASE/spring-web-4.3.9.RELEASE.pom
2017-07-15 17:36:47,766 [Worker-26] INFO  o.e.m.c.i.e.AbstractTransferListenerAdapter - Downloading https://repo.maven.apache.org/maven2/org/springframework/spring-webmvc/4.3.9.RELEASE/spring-webmvc-4.3.9.RELEASE.pom
2017-07-15 17:36:48,134 [Worker-26] INFO  o.e.m.c.i.e.AbstractTransferListenerAdapter - Downloaded https://repo.maven.apache.org/maven2/org/springframework/spring-webmvc/4.3.9.RELEASE/spring-webmvc-4.3.9.RELEASE.pom
2017-07-15 17:36:48,746 [Worker-26] INFO  o.e.m.c.i.e.AbstractTransferListenerAdapter - Downloading https://repo.maven.apache.org/maven2/mysql/mysql-connector-java/5.1.42/mysql-connector-java-5.1.42.pom
2017-07-15 17:36:49,063 [Worker-26] INFO  o.e.m.c.i.e.AbstractTransferListenerAdapter - Downloaded https://repo.maven.apache.org/maven2/mysql/mysql-connector-java/5.1.42/mysql-connector-java-5.1.42.pom
2017-07-15 17:36:49,367 [Worker-26] INFO  o.e.m.c.i.e.AbstractTransferListenerAdapter - Downloading https://repo.maven.apache.org/maven2/org/springframework/boot/spring-boot-starter-test/1.5.4.RELEASE/spring-boot-starter-test-1.5.4.RELEASE.pom
2017-07-15 17:36:49,721 [Worker-26] INFO  o.e.m.c.i.e.AbstractTransferListenerAdapter - Downloaded https://repo.maven.apache.org/maven2/org/springframework/boot/spring-boot-starter-test/1.5.4.RELEASE/spring-boot-starter-test-1.5.4.RELEASE.pom
2017-07-15 17:36:50,019 [Worker-26] INFO  o.e.m.c.i.e.AbstractTransferListenerAdapter - Downloading https://repo.maven.apache.org/maven2/org/springframework/boot/spring-boot-test/1.5.4.RELEASE/spring-boot-test-1.5.4.RELEASE.pom
2017-07-15 17:36:50,389 [Worker-26] INFO  o.e.m.c.i.e.AbstractTransferListenerAdapter - Downloaded https://repo.maven.apache.org/maven2/org/springframework/boot/spring-boot-test/1.5.4.RELEASE/spring-boot-test-1.5.4.RELEASE.pom
2017-07-15 17:36:50,701 [Worker-26] INFO  o.e.m.c.i.e.AbstractTransferListenerAdapter - Downloading https://repo.maven.apache.org/maven2/org/springframework/boot/spring-boot-test-autoconfigure/1.5.4.RELEASE/spring-boot-test-autoconfigure-1.5.4.RELEASE.pom
2017-07-15 17:36:51,012 [Worker-26] INFO  o.e.m.c.i.e.AbstractTransferListenerAdapter - Downloaded https://repo.maven.apache.org/maven2/org/springframework/boot/spring-boot-test-autoconfigure/1.5.4.RELEASE/spring-boot-test-autoconfigure-1.5.4.RELEASE.pom
2017-07-15 17:36:51,572 [Worker-26] INFO  o.e.m.c.i.e.AbstractTransferListenerAdapter - Downloading https://repo.maven.apache.org/maven2/org/springframework/spring-test/4.3.9.RELEASE/spring-test-4.3.9.RELEASE.pom
2017-07-15 17:36:51,912 [Worker-26] INFO  o.e.m.c.i.e.AbstractTransferListenerAdapter - Downloaded https://repo.maven.apache.org/maven2/org/springframework/spring-test/4.3.9.RELEASE/spring-test-4.3.9.RELEASE.pom
2017-07-15 17:36:52,272 [Worker-26] INFO  o.e.m.c.i.e.AbstractTransferListenerAdapter - Downloading https://repo.maven.apache.org/maven2/org/springframework/boot/spring-boot-starter-web/1.5.4.RELEASE/spring-boot-starter-web-1.5.4.RELEASE.jar
2017-07-15 17:36:52,859 [Worker-26] INFO  o.e.m.c.i.e.AbstractTransferListenerAdapter - Downloaded https://repo.maven.apache.org/maven2/org/springframework/boot/spring-boot-starter-web/1.5.4.RELEASE/spring-boot-starter-web-1.5.4.RELEASE.jar
2017-07-15 17:36:53,142 [Worker-26] INFO  o.e.m.c.i.e.AbstractTransferListenerAdapter - Downloading https://repo.maven.apache.org/maven2/org/springframework/boot/spring-boot-starter/1.5.4.RELEASE/spring-boot-starter-1.5.4.RELEASE.jar
2017-07-15 17:36:53,468 [Worker-26] INFO  o.e.m.c.i.e.AbstractTransferListenerAdapter - Downloaded https://repo.maven.apache.org/maven2/org/springframework/boot/spring-boot-starter/1.5.4.RELEASE/spring-boot-starter-1.5.4.RELEASE.jar
2017-07-15 17:36:53,746 [Worker-26] INFO  o.e.m.c.i.e.AbstractTransferListenerAdapter - Downloading https://repo.maven.apache.org/maven2/org/springframework/boot/spring-boot/1.5.4.RELEASE/spring-boot-1.5.4.RELEASE.jar
2017-07-15 17:36:57,345 [Worker-26] INFO  o.e.m.c.i.e.AbstractTransferListenerAdapter - Downloaded https://repo.maven.apache.org/maven2/org/springframework/boot/spring-boot/1.5.4.RELEASE/spring-boot-1.5.4.RELEASE.jar
2017-07-15 17:36:57,616 [Worker-26] INFO  o.e.m.c.i.e.AbstractTransferListenerAdapter - Downloading https://repo.maven.apache.org/maven2/org/springframework/boot/spring-boot-autoconfigure/1.5.4.RELEASE/spring-boot-autoconfigure-1.5.4.RELEASE.jar
2017-07-15 17:37:04,070 [Worker-26] INFO  o.e.m.c.i.e.AbstractTransferListenerAdapter - Downloaded https://repo.maven.apache.org/maven2/org/springframework/boot/spring-boot-autoconfigure/1.5.4.RELEASE/spring-boot-autoconfigure-1.5.4.RELEASE.jar
2017-07-15 17:37:04,360 [Worker-26] INFO  o.e.m.c.i.e.AbstractTransferListenerAdapter - Downloading https://repo.maven.apache.org/maven2/org/springframework/boot/spring-boot-starter-logging/1.5.4.RELEASE/spring-boot-starter-logging-1.5.4.RELEASE.jar
2017-07-15 17:37:04,648 [Worker-26] INFO  o.e.m.c.i.e.AbstractTransferListenerAdapter - Downloaded https://repo.maven.apache.org/maven2/org/springframework/boot/spring-boot-starter-logging/1.5.4.RELEASE/spring-boot-starter-logging-1.5.4.RELEASE.jar
2017-07-15 17:37:04,915 [Worker-26] INFO  o.e.m.c.i.e.AbstractTransferListenerAdapter - Downloading https://repo.maven.apache.org/maven2/org/springframework/boot/spring-boot-starter-tomcat/1.5.4.RELEASE/spring-boot-starter-tomcat-1.5.4.RELEASE.jar
2017-07-15 17:37:05,223 [Worker-26] INFO  o.e.m.c.i.e.AbstractTransferListenerAdapter - Downloaded https://repo.maven.apache.org/maven2/org/springframework/boot/spring-boot-starter-tomcat/1.5.4.RELEASE/spring-boot-starter-tomcat-1.5.4.RELEASE.jar
2017-07-15 17:37:05,529 [Worker-26] INFO  o.e.m.c.i.e.AbstractTransferListenerAdapter - Downloading https://repo.maven.apache.org/maven2/org/apache/tomcat/embed/tomcat-embed-core/8.5.15/tomcat-embed-core-8.5.15.jar
2017-07-15 17:37:21,307 [Worker-26] INFO  o.e.m.c.i.e.AbstractTransferListenerAdapter - Downloaded https://repo.maven.apache.org/maven2/org/apache/tomcat/embed/tomcat-embed-core/8.5.15/tomcat-embed-core-8.5.15.jar
2017-07-15 17:37:21,595 [Worker-26] INFO  o.e.m.c.i.e.AbstractTransferListenerAdapter - Downloading https://repo.maven.apache.org/maven2/org/apache/tomcat/embed/tomcat-embed-el/8.5.15/tomcat-embed-el-8.5.15.jar
2017-07-15 17:37:23,551 [Worker-26] INFO  o.e.m.c.i.e.AbstractTransferListenerAdapter - Downloaded https://repo.maven.apache.org/maven2/org/apache/tomcat/embed/tomcat-embed-el/8.5.15/tomcat-embed-el-8.5.15.jar
2017-07-15 17:37:23,843 [Worker-26] INFO  o.e.m.c.i.e.AbstractTransferListenerAdapter - Downloading https://repo.maven.apache.org/maven2/org/apache/tomcat/embed/tomcat-embed-websocket/8.5.15/tomcat-embed-websocket-8.5.15.jar
2017-07-15 17:37:25,193 [Worker-26] INFO  o.e.m.c.i.e.AbstractTransferListenerAdapter - Downloaded https://repo.maven.apache.org/maven2/org/apache/tomcat/embed/tomcat-embed-websocket/8.5.15/tomcat-embed-websocket-8.5.15.jar
2017-07-15 17:37:25,467 [Worker-26] INFO  o.e.m.c.i.e.AbstractTransferListenerAdapter - Downloading https://repo.maven.apache.org/maven2/org/springframework/spring-web/4.3.9.RELEASE/spring-web-4.3.9.RELEASE.jar
2017-07-15 17:37:29,665 [Worker-26] INFO  o.e.m.c.i.e.AbstractTransferListenerAdapter - Downloaded https://repo.maven.apache.org/maven2/org/springframework/spring-web/4.3.9.RELEASE/spring-web-4.3.9.RELEASE.jar
2017-07-15 17:37:29,961 [Worker-26] INFO  o.e.m.c.i.e.AbstractTransferListenerAdapter - Downloading https://repo.maven.apache.org/maven2/org/springframework/spring-aop/4.3.9.RELEASE/spring-aop-4.3.9.RELEASE.jar
2017-07-15 17:37:32,048 [Worker-26] INFO  o.e.m.c.i.e.AbstractTransferListenerAdapter - Downloaded https://repo.maven.apache.org/maven2/org/springframework/spring-aop/4.3.9.RELEASE/spring-aop-4.3.9.RELEASE.jar
2017-07-15 17:37:32,317 [Worker-26] INFO  o.e.m.c.i.e.AbstractTransferListenerAdapter - Downloading https://repo.maven.apache.org/maven2/org/springframework/spring-beans/4.3.9.RELEASE/spring-beans-4.3.9.RELEASE.jar
2017-07-15 17:37:36,260 [Worker-26] INFO  o.e.m.c.i.e.AbstractTransferListenerAdapter - Downloaded https://repo.maven.apache.org/maven2/org/springframework/spring-beans/4.3.9.RELEASE/spring-beans-4.3.9.RELEASE.jar
2017-07-15 17:37:36,531 [Worker-26] INFO  o.e.m.c.i.e.AbstractTransferListenerAdapter - Downloading https://repo.maven.apache.org/maven2/org/springframework/spring-context/4.3.9.RELEASE/spring-context-4.3.9.RELEASE.jar
2017-07-15 17:37:42,452 [Worker-26] INFO  o.e.m.c.i.e.AbstractTransferListenerAdapter - Downloaded https://repo.maven.apache.org/maven2/org/springframework/spring-context/4.3.9.RELEASE/spring-context-4.3.9.RELEASE.jar
2017-07-15 17:37:42,726 [Worker-26] INFO  o.e.m.c.i.e.AbstractTransferListenerAdapter - Downloading https://repo.maven.apache.org/maven2/org/springframework/spring-webmvc/4.3.9.RELEASE/spring-webmvc-4.3.9.RELEASE.jar
2017-07-15 17:37:47,378 [Worker-26] INFO  o.e.m.c.i.e.AbstractTransferListenerAdapter - Downloaded https://repo.maven.apache.org/maven2/org/springframework/spring-webmvc/4.3.9.RELEASE/spring-webmvc-4.3.9.RELEASE.jar
2017-07-15 17:37:47,652 [Worker-26] INFO  o.e.m.c.i.e.AbstractTransferListenerAdapter - Downloading https://repo.maven.apache.org/maven2/org/springframework/spring-expression/4.3.9.RELEASE/spring-expression-4.3.9.RELEASE.jar
2017-07-15 17:37:49,463 [Worker-26] INFO  o.e.m.c.i.e.AbstractTransferListenerAdapter - Downloaded https://repo.maven.apache.org/maven2/org/springframework/spring-expression/4.3.9.RELEASE/spring-expression-4.3.9.RELEASE.jar
2017-07-15 17:37:49,739 [Worker-26] INFO  o.e.m.c.i.e.AbstractTransferListenerAdapter - Downloading https://repo.maven.apache.org/maven2/mysql/mysql-connector-java/5.1.42/mysql-connector-java-5.1.42.jar
2017-07-15 17:37:56,807 [Worker-26] INFO  o.e.m.c.i.e.AbstractTransferListenerAdapter - Downloaded https://repo.maven.apache.org/maven2/mysql/mysql-connector-java/5.1.42/mysql-connector-java-5.1.42.jar
2017-07-15 17:37:57,077 [Worker-26] INFO  o.e.m.c.i.e.AbstractTransferListenerAdapter - Downloading https://repo.maven.apache.org/maven2/org/springframework/boot/spring-boot-starter-test/1.5.4.RELEASE/spring-boot-starter-test-1.5.4.RELEASE.jar
2017-07-15 17:37:57,405 [Worker-26] INFO  o.e.m.c.i.e.AbstractTransferListenerAdapter - Downloaded https://repo.maven.apache.org/maven2/org/springframework/boot/spring-boot-starter-test/1.5.4.RELEASE/spring-boot-starter-test-1.5.4.RELEASE.jar
2017-07-15 17:37:57,713 [Worker-26] INFO  o.e.m.c.i.e.AbstractTransferListenerAdapter - Downloading https://repo.maven.apache.org/maven2/org/springframework/boot/spring-boot-test/1.5.4.RELEASE/spring-boot-test-1.5.4.RELEASE.jar
2017-07-15 17:37:58,723 [Worker-26] INFO  o.e.m.c.i.e.AbstractTransferListenerAdapter - Downloaded https://repo.maven.apache.org/maven2/org/springframework/boot/spring-boot-test/1.5.4.RELEASE/spring-boot-test-1.5.4.RELEASE.jar
2017-07-15 17:37:58,986 [Worker-26] INFO  o.e.m.c.i.e.AbstractTransferListenerAdapter - Downloading https://repo.maven.apache.org/maven2/org/springframework/boot/spring-boot-test-autoconfigure/1.5.4.RELEASE/spring-boot-test-autoconfigure-1.5.4.RELEASE.jar
2017-07-15 17:37:59,827 [Worker-26] INFO  o.e.m.c.i.e.AbstractTransferListenerAdapter - Downloaded https://repo.maven.apache.org/maven2/org/springframework/boot/spring-boot-test-autoconfigure/1.5.4.RELEASE/spring-boot-test-autoconfigure-1.5.4.RELEASE.jar
2017-07-15 17:38:00,272 [Worker-26] INFO  o.e.m.c.i.e.AbstractTransferListenerAdapter - Downloading https://repo.maven.apache.org/maven2/org/springframework/spring-core/4.3.9.RELEASE/spring-core-4.3.9.RELEASE.jar
2017-07-15 17:38:07,278 [Worker-26] INFO  o.e.m.c.i.e.AbstractTransferListenerAdapter - Downloaded https://repo.maven.apache.org/maven2/org/springframework/spring-core/4.3.9.RELEASE/spring-core-4.3.9.RELEASE.jar
2017-07-15 17:38:07,573 [Worker-26] INFO  o.e.m.c.i.e.AbstractTransferListenerAdapter - Downloading https://repo.maven.apache.org/maven2/org/springframework/spring-test/4.3.9.RELEASE/spring-test-4.3.9.RELEASE.jar
2017-07-15 17:38:12,797 [Worker-26] INFO  o.e.m.c.i.e.AbstractTransferListenerAdapter - Downloaded https://repo.maven.apache.org/maven2/org/springframework/spring-test/4.3.9.RELEASE/spring-test-4.3.9.RELEASE.jar
2017-07-15 17:38:18,313 [Worker-26] INFO  o.e.m.j.i.AbstractJavaProjectConfigurator - Adding source folder /Swiggy-API2-FetchRestaurantItems/src/main/java
2017-07-15 17:38:18,314 [Worker-26] INFO  o.e.m.j.i.AbstractJavaProjectConfigurator - Adding resource folder /Swiggy-API2-FetchRestaurantItems/src/main/resources
2017-07-15 17:38:18,328 [Worker-26] INFO  o.e.m.j.i.AbstractJavaProjectConfigurator - Adding resource folder /Swiggy-API2-FetchRestaurantItems/src/main/resources
2017-07-15 17:38:18,369 [Worker-26] INFO  o.e.m.j.i.AbstractJavaProjectConfigurator - Adding source folder /Swiggy-API2-FetchRestaurantItems/src/test/java
2017-07-15 17:38:19,333 [Worker-26] INFO  o.e.m.c.i.p.ProjectConfigurationManager - Update completed: 129 sec
2017-07-15 17:38:22,548 [Worker-30] INFO  o.e.m.c.i.embedder.EclipseLogger - Using 'UTF-8' encoding to copy filtered resources.
2017-07-15 17:38:22,551 [Worker-30] INFO  o.e.m.c.i.embedder.EclipseLogger - Copying 1 resource
2017-07-15 17:38:22,561 [Worker-30] INFO  o.e.m.c.i.embedder.EclipseLogger - Copying 0 resource
2017-07-15 17:38:22,565 [Worker-30] INFO  o.e.m.c.i.embedder.EclipseLogger - Using 'UTF-8' encoding to copy filtered resources.
2017-07-15 17:38:22,565 [Worker-30] INFO  o.e.m.c.i.embedder.EclipseLogger - skip non existing resourceDirectory C:\Users\i318443\Desktop\Swiggy\Swiggy-Hackathrone\Swiggy-API2-FetchRestaurantItems\src\test\resources
2017-07-15 17:38:23,857 [Worker-33] INFO  o.e.m.c.i.embedder.EclipseLogger - Using 'UTF-8' encoding to copy filtered resources.
2017-07-15 17:38:23,859 [Worker-33] INFO  o.e.m.c.i.embedder.EclipseLogger - Copying 0 resource
2017-07-15 17:38:23,859 [Worker-33] INFO  o.e.m.c.i.embedder.EclipseLogger - Copying 0 resource
2017-07-15 17:38:23,862 [Worker-33] INFO  o.e.m.c.i.embedder.EclipseLogger - Using 'UTF-8' encoding to copy filtered resources.
2017-07-15 17:38:23,862 [Worker-33] INFO  o.e.m.c.i.embedder.EclipseLogger - skip non existing resourceDirectory C:\Users\i318443\Desktop\Swiggy\Swiggy-Hackathrone\Swiggy-API2-FetchRestaurantItems\src\test\resources
2017-07-15 17:38:43,402 [Worker-26] INFO  o.e.m.c.i.embedder.EclipseLogger - Using 'UTF-8' encoding to copy filtered resources.
2017-07-15 17:38:43,405 [Worker-26] INFO  o.e.m.c.i.embedder.EclipseLogger - Copying 1 resource
2017-07-15 17:38:43,407 [Worker-26] INFO  o.e.m.c.i.embedder.EclipseLogger - Copying 0 resource
2017-07-15 17:38:43,410 [Worker-26] INFO  o.e.m.c.i.embedder.EclipseLogger - Using 'UTF-8' encoding to copy filtered resources.
2017-07-15 17:38:43,411 [Worker-26] INFO  o.e.m.c.i.embedder.EclipseLogger - skip non existing resourceDirectory C:\Users\i318443\Desktop\Swiggy\Swiggy-Hackathrone\Swiggy-API2-FetchRestaurantItems\src\test\resources
2017-07-15 17:38:50,581 [Worker-26] INFO  o.e.m.c.i.embedder.EclipseLogger - Using 'UTF-8' encoding to copy filtered resources.
2017-07-15 17:38:50,581 [Worker-26] INFO  o.e.m.c.i.embedder.EclipseLogger - Copying 0 resource
2017-07-15 17:38:50,582 [Worker-26] INFO  o.e.m.c.i.embedder.EclipseLogger - Copying 0 resource
2017-07-15 17:38:50,583 [Worker-26] INFO  o.e.m.c.i.embedder.EclipseLogger - Using 'UTF-8' encoding to copy filtered resources.
2017-07-15 17:38:50,584 [Worker-26] INFO  o.e.m.c.i.embedder.EclipseLogger - skip non existing resourceDirectory C:\Users\i318443\Desktop\Swiggy\Swiggy-Hackathrone\Swiggy-API2-FetchRestaurantItems\src\test\resources
2017-07-15 17:38:51,646 [Worker-29] INFO  o.e.m.c.i.embedder.EclipseLogger - Using 'UTF-8' encoding to copy filtered resources.
2017-07-15 17:38:51,646 [Worker-29] INFO  o.e.m.c.i.embedder.EclipseLogger - Copying 0 resource
2017-07-15 17:38:51,647 [Worker-29] INFO  o.e.m.c.i.embedder.EclipseLogger - Copying 0 resource
2017-07-15 17:38:51,651 [Worker-29] INFO  o.e.m.c.i.embedder.EclipseLogger - Using 'UTF-8' encoding to copy filtered resources.
2017-07-15 17:38:51,651 [Worker-29] INFO  o.e.m.c.i.embedder.EclipseLogger - skip non existing resourceDirectory C:\Users\i318443\Desktop\Swiggy\Swiggy-Hackathrone\Swiggy-API2-FetchRestaurantItems\src\test\resources
2017-07-15 17:38:54,556 [Worker-31] INFO  o.e.m.c.i.p.ProjectConfigurationManager - Update started
2017-07-15 17:38:55,754 [Worker-31] INFO  o.e.m.c.i.l.LifecycleMappingFactory - Using org.eclipse.m2e.jdt.JarLifecycleMapping lifecycle mapping for MavenProject: com.swiggy.hackathrone:Swiggy-API2-FetchRestaurantItems:0.0.1-SNAPSHOT @ C:\Users\i318443\Desktop\Swiggy\Swiggy-Hackathrone\Swiggy-API2-FetchRestaurantItems\pom.xml.
2017-07-15 17:38:57,434 [Worker-31] INFO  o.e.m.j.i.AbstractJavaProjectConfigurator - Adding source folder /Swiggy-API2-FetchRestaurantItems/src/main/java
2017-07-15 17:38:57,435 [Worker-31] INFO  o.e.m.j.i.AbstractJavaProjectConfigurator - Adding resource folder /Swiggy-API2-FetchRestaurantItems/src/main/resources
2017-07-15 17:38:57,436 [Worker-31] INFO  o.e.m.j.i.AbstractJavaProjectConfigurator - Adding resource folder /Swiggy-API2-FetchRestaurantItems/src/main/resources
2017-07-15 17:38:57,436 [Worker-31] INFO  o.e.m.j.i.AbstractJavaProjectConfigurator - Adding source folder /Swiggy-API2-FetchRestaurantItems/src/test/java
2017-07-15 17:38:57,928 [Worker-31] INFO  o.e.m.c.i.p.ProjectConfigurationManager - Update completed: 3 sec
2017-07-15 17:38:59,687 [Worker-26] INFO  o.e.m.c.i.embedder.EclipseLogger - Using 'UTF-8' encoding to copy filtered resources.
2017-07-15 17:38:59,690 [Worker-26] INFO  o.e.m.c.i.embedder.EclipseLogger - Copying 1 resource
2017-07-15 17:38:59,738 [Worker-26] INFO  o.e.m.c.i.embedder.EclipseLogger - Copying 0 resource
2017-07-15 17:38:59,743 [Worker-26] INFO  o.e.m.c.i.embedder.EclipseLogger - Using 'UTF-8' encoding to copy filtered resources.
2017-07-15 17:38:59,743 [Worker-26] INFO  o.e.m.c.i.embedder.EclipseLogger - skip non existing resourceDirectory C:\Users\i318443\Desktop\Swiggy\Swiggy-Hackathrone\Swiggy-API2-FetchRestaurantItems\src\test\resources
2017-07-15 17:40:07,744 [Worker-28] INFO  o.e.m.c.i.embedder.EclipseLogger - Using 'UTF-8' encoding to copy filtered resources.
2017-07-15 17:40:07,747 [Worker-28] INFO  o.e.m.c.i.embedder.EclipseLogger - Copying 1 resource
2017-07-15 17:40:07,749 [Worker-28] INFO  o.e.m.c.i.embedder.EclipseLogger - Copying 0 resource
2017-07-15 17:40:07,752 [Worker-28] INFO  o.e.m.c.i.embedder.EclipseLogger - Using 'UTF-8' encoding to copy filtered resources.
2017-07-15 17:40:07,752 [Worker-28] INFO  o.e.m.c.i.embedder.EclipseLogger - skip non existing resourceDirectory C:\Users\i318443\Desktop\Swiggy\Swiggy-Hackathrone\Swiggy-API2-FetchRestaurantItems\src\test\resources
2017-07-15 17:41:03,673 [Worker-31] INFO  o.e.m.c.i.embedder.EclipseLogger - Using 'UTF-8' encoding to copy filtered resources.
2017-07-15 17:41:03,675 [Worker-31] INFO  o.e.m.c.i.embedder.EclipseLogger - Copying 1 resource
2017-07-15 17:41:03,678 [Worker-31] INFO  o.e.m.c.i.embedder.EclipseLogger - Copying 0 resource
2017-07-15 17:41:03,680 [Worker-31] INFO  o.e.m.c.i.embedder.EclipseLogger - Using 'UTF-8' encoding to copy filtered resources.
2017-07-15 17:41:03,681 [Worker-31] INFO  o.e.m.c.i.embedder.EclipseLogger - skip non existing resourceDirectory C:\Users\i318443\Desktop\Swiggy\Swiggy-Hackathrone\Swiggy-API2-FetchRestaurantItems\src\test\resources
2017-07-15 17:41:09,721 [Worker-30] INFO  o.e.m.c.i.p.ProjectConfigurationManager - Update started
2017-07-15 17:41:10,469 [Worker-30] INFO  o.e.m.c.i.l.LifecycleMappingFactory - Using org.eclipse.m2e.jdt.JarLifecycleMapping lifecycle mapping for MavenProject: com.swiggy.hackathrone:Swiggy-API2-FetchRestaurantItems:0.0.1-SNAPSHOT @ C:\Users\i318443\Desktop\Swiggy\Swiggy-Hackathrone\Swiggy-API2-FetchRestaurantItems\pom.xml.
2017-07-15 17:41:11,091 [Worker-30] INFO  o.e.m.j.i.AbstractJavaProjectConfigurator - Adding source folder /Swiggy-API2-FetchRestaurantItems/src/main/java
2017-07-15 17:41:11,092 [Worker-30] INFO  o.e.m.j.i.AbstractJavaProjectConfigurator - Adding resource folder /Swiggy-API2-FetchRestaurantItems/src/main/resources
2017-07-15 17:41:11,092 [Worker-30] INFO  o.e.m.j.i.AbstractJavaProjectConfigurator - Adding resource folder /Swiggy-API2-FetchRestaurantItems/src/main/resources
2017-07-15 17:41:11,093 [Worker-30] INFO  o.e.m.j.i.AbstractJavaProjectConfigurator - Adding source folder /Swiggy-API2-FetchRestaurantItems/src/test/java
2017-07-15 17:41:11,276 [Worker-30] INFO  o.e.m.c.i.p.ProjectConfigurationManager - Update completed: 1 sec
2017-07-15 17:41:12,386 [Worker-35] INFO  o.e.m.c.i.embedder.EclipseLogger - Using 'UTF-8' encoding to copy filtered resources.
2017-07-15 17:41:12,387 [Worker-35] INFO  o.e.m.c.i.embedder.EclipseLogger - Copying 1 resource
2017-07-15 17:41:12,400 [Worker-35] INFO  o.e.m.c.i.embedder.EclipseLogger - Copying 0 resource
2017-07-15 17:41:12,403 [Worker-35] INFO  o.e.m.c.i.embedder.EclipseLogger - Using 'UTF-8' encoding to copy filtered resources.
2017-07-15 17:41:12,405 [Worker-35] INFO  o.e.m.c.i.embedder.EclipseLogger - skip non existing resourceDirectory C:\Users\i318443\Desktop\Swiggy\Swiggy-Hackathrone\Swiggy-API2-FetchRestaurantItems\src\test\resources
2017-07-15 17:44:34,395 [Worker-34] INFO  o.e.m.c.i.embedder.EclipseLogger - Using 'UTF-8' encoding to copy filtered resources.
2017-07-15 17:44:34,398 [Worker-34] INFO  o.e.m.c.i.embedder.EclipseLogger - Copying 1 resource
2017-07-15 17:44:34,402 [Worker-34] INFO  o.e.m.c.i.embedder.EclipseLogger - Copying 0 resource
2017-07-15 17:44:34,404 [Worker-34] INFO  o.e.m.c.i.embedder.EclipseLogger - Using 'UTF-8' encoding to copy filtered resources.
2017-07-15 17:44:34,404 [Worker-34] INFO  o.e.m.c.i.embedder.EclipseLogger - skip non existing resourceDirectory C:\Users\i318443\Desktop\Swiggy\Swiggy-Hackathrone\Swiggy-API2-FetchRestaurantItems\src\test\resources
2017-07-15 17:47:04,447 [Worker-28] INFO  o.e.m.c.i.embedder.EclipseLogger - Using 'UTF-8' encoding to copy filtered resources.
2017-07-15 17:47:04,448 [Worker-28] INFO  o.e.m.c.i.embedder.EclipseLogger - Copying 1 resource
2017-07-15 17:47:04,450 [Worker-28] INFO  o.e.m.c.i.embedder.EclipseLogger - Copying 0 resource
2017-07-15 17:47:04,453 [Worker-28] INFO  o.e.m.c.i.embedder.EclipseLogger - Using 'UTF-8' encoding to copy filtered resources.
2017-07-15 17:47:04,453 [Worker-28] INFO  o.e.m.c.i.embedder.EclipseLogger - skip non existing resourceDirectory C:\Users\i318443\Desktop\Swiggy\Swiggy-Hackathrone\Swiggy-API2-FetchRestaurantItems\src\test\resources
2017-07-15 17:47:12,087 [Worker-36] INFO  o.e.m.c.i.embedder.EclipseLogger - Using 'UTF-8' encoding to copy filtered resources.
2017-07-15 17:47:12,088 [Worker-36] INFO  o.e.m.c.i.embedder.EclipseLogger - Copying 1 resource
2017-07-15 17:47:12,090 [Worker-36] INFO  o.e.m.c.i.embedder.EclipseLogger - Copying 0 resource
2017-07-15 17:47:12,092 [Worker-36] INFO  o.e.m.c.i.embedder.EclipseLogger - Using 'UTF-8' encoding to copy filtered resources.
2017-07-15 17:47:12,092 [Worker-36] INFO  o.e.m.c.i.embedder.EclipseLogger - skip non existing resourceDirectory C:\Users\i318443\Desktop\Swiggy\Swiggy-Hackathrone\Swiggy-API2-FetchRestaurantItems\src\test\resources
2017-07-15 17:50:34,795 [Worker-32] INFO  o.e.m.c.i.embedder.EclipseLogger - Using 'UTF-8' encoding to copy filtered resources.
2017-07-15 17:50:34,796 [Worker-32] INFO  o.e.m.c.i.embedder.EclipseLogger - Copying 1 resource
2017-07-15 17:50:34,798 [Worker-32] INFO  o.e.m.c.i.embedder.EclipseLogger - Copying 0 resource
2017-07-15 17:50:34,801 [Worker-32] INFO  o.e.m.c.i.embedder.EclipseLogger - Using 'UTF-8' encoding to copy filtered resources.
2017-07-15 17:50:34,801 [Worker-32] INFO  o.e.m.c.i.embedder.EclipseLogger - skip non existing resourceDirectory C:\Users\i318443\Desktop\Swiggy\Swiggy-Hackathrone\Swiggy-API2-FetchRestaurantItems\src\test\resources
2017-07-15 17:50:45,343 [Worker-26] INFO  o.e.m.c.i.embedder.EclipseLogger - Using 'UTF-8' encoding to copy filtered resources.
2017-07-15 17:50:45,344 [Worker-26] INFO  o.e.m.c.i.embedder.EclipseLogger - Copying 1 resource
2017-07-15 17:50:45,351 [Worker-26] INFO  o.e.m.c.i.embedder.EclipseLogger - Copying 0 resource
2017-07-15 17:50:45,353 [Worker-26] INFO  o.e.m.c.i.embedder.EclipseLogger - Using 'UTF-8' encoding to copy filtered resources.
2017-07-15 17:50:45,353 [Worker-26] INFO  o.e.m.c.i.embedder.EclipseLogger - skip non existing resourceDirectory C:\Users\i318443\Desktop\Swiggy\Swiggy-Hackathrone\Swiggy-API2-FetchRestaurantItems\src\test\resources
2017-07-15 17:52:43,503 [Worker-26] INFO  o.e.m.c.i.embedder.EclipseLogger - Using 'UTF-8' encoding to copy filtered resources.
2017-07-15 17:52:43,505 [Worker-26] INFO  o.e.m.c.i.embedder.EclipseLogger - Copying 1 resource
2017-07-15 17:52:43,507 [Worker-26] INFO  o.e.m.c.i.embedder.EclipseLogger - Copying 0 resource
2017-07-15 17:52:43,510 [Worker-26] INFO  o.e.m.c.i.embedder.EclipseLogger - Using 'UTF-8' encoding to copy filtered resources.
2017-07-15 17:52:43,510 [Worker-26] INFO  o.e.m.c.i.embedder.EclipseLogger - skip non existing resourceDirectory C:\Users\i318443\Desktop\Swiggy\Swiggy-Hackathrone\Swiggy-API2-FetchRestaurantItems\src\test\resources
2017-07-15 17:52:53,907 [Worker-35] INFO  o.e.m.c.i.embedder.EclipseLogger - Using 'UTF-8' encoding to copy filtered resources.
2017-07-15 17:52:53,909 [Worker-35] INFO  o.e.m.c.i.embedder.EclipseLogger - Copying 1 resource
2017-07-15 17:52:53,911 [Worker-35] INFO  o.e.m.c.i.embedder.EclipseLogger - Copying 0 resource
2017-07-15 17:52:53,915 [Worker-35] INFO  o.e.m.c.i.embedder.EclipseLogger - Using 'UTF-8' encoding to copy filtered resources.
2017-07-15 17:52:53,915 [Worker-35] INFO  o.e.m.c.i.embedder.EclipseLogger - skip non existing resourceDirectory C:\Users\i318443\Desktop\Swiggy\Swiggy-Hackathrone\Swiggy-API2-FetchRestaurantItems\src\test\resources
2017-07-15 17:56:59,216 [Worker-35] INFO  o.e.m.c.i.embedder.EclipseLogger - Using 'UTF-8' encoding to copy filtered resources.
2017-07-15 17:56:59,218 [Worker-35] INFO  o.e.m.c.i.embedder.EclipseLogger - Copying 1 resource
2017-07-15 17:56:59,220 [Worker-35] INFO  o.e.m.c.i.embedder.EclipseLogger - Copying 0 resource
2017-07-15 17:56:59,223 [Worker-35] INFO  o.e.m.c.i.embedder.EclipseLogger - Using 'UTF-8' encoding to copy filtered resources.
2017-07-15 17:56:59,223 [Worker-35] INFO  o.e.m.c.i.embedder.EclipseLogger - skip non existing resourceDirectory C:\Users\i318443\Desktop\Swiggy\Swiggy-Hackathrone\Swiggy-API2-FetchRestaurantItems\src\test\resources
2017-07-15 17:58:58,495 [Worker-35] INFO  o.e.m.c.i.embedder.EclipseLogger - Using 'UTF-8' encoding to copy filtered resources.
2017-07-15 17:58:58,497 [Worker-35] INFO  o.e.m.c.i.embedder.EclipseLogger - Copying 1 resource
2017-07-15 17:58:58,499 [Worker-35] INFO  o.e.m.c.i.embedder.EclipseLogger - Copying 0 resource
2017-07-15 17:58:58,501 [Worker-35] INFO  o.e.m.c.i.embedder.EclipseLogger - Using 'UTF-8' encoding to copy filtered resources.
2017-07-15 17:58:58,501 [Worker-35] INFO  o.e.m.c.i.embedder.EclipseLogger - skip non existing resourceDirectory C:\Users\i318443\Desktop\Swiggy\Swiggy-Hackathrone\Swiggy-API2-FetchRestaurantItems\src\test\resources
2017-07-15 17:59:04,724 [Worker-39] INFO  o.e.m.c.i.p.ProjectConfigurationManager - Update started
2017-07-15 17:59:05,593 [Worker-39] INFO  o.e.m.c.i.l.LifecycleMappingFactory - Using org.eclipse.m2e.jdt.JarLifecycleMapping lifecycle mapping for MavenProject: com.swiggy.hackathrone:Swiggy-API2-FetchRestaurantItems:0.0.1-SNAPSHOT @ C:\Users\i318443\Desktop\Swiggy\Swiggy-Hackathrone\Swiggy-API2-FetchRestaurantItems\pom.xml.
2017-07-15 17:59:06,623 [Worker-39] INFO  o.e.m.j.i.AbstractJavaProjectConfigurator - Adding source folder /Swiggy-API2-FetchRestaurantItems/src/main/java
2017-07-15 17:59:06,623 [Worker-39] INFO  o.e.m.j.i.AbstractJavaProjectConfigurator - Adding resource folder /Swiggy-API2-FetchRestaurantItems/src/main/resources
2017-07-15 17:59:06,624 [Worker-39] INFO  o.e.m.j.i.AbstractJavaProjectConfigurator - Adding resource folder /Swiggy-API2-FetchRestaurantItems/src/main/resources
2017-07-15 17:59:06,624 [Worker-39] INFO  o.e.m.j.i.AbstractJavaProjectConfigurator - Adding source folder /Swiggy-API2-FetchRestaurantItems/src/test/java
2017-07-15 17:59:06,801 [Worker-39] INFO  o.e.m.c.i.p.ProjectConfigurationManager - Update completed: 2 sec
2017-07-15 17:59:07,541 [Worker-39] INFO  o.e.m.c.i.embedder.EclipseLogger - Using 'UTF-8' encoding to copy filtered resources.
2017-07-15 17:59:07,542 [Worker-39] INFO  o.e.m.c.i.embedder.EclipseLogger - Copying 1 resource
2017-07-15 17:59:07,555 [Worker-39] INFO  o.e.m.c.i.embedder.EclipseLogger - Copying 0 resource
2017-07-15 17:59:07,558 [Worker-39] INFO  o.e.m.c.i.embedder.EclipseLogger - Using 'UTF-8' encoding to copy filtered resources.
2017-07-15 17:59:07,559 [Worker-39] INFO  o.e.m.c.i.embedder.EclipseLogger - skip non existing resourceDirectory C:\Users\i318443\Desktop\Swiggy\Swiggy-Hackathrone\Swiggy-API2-FetchRestaurantItems\src\test\resources
2017-07-15 18:01:28,377 [Worker-50] INFO  o.e.m.c.i.embedder.EclipseLogger - Using 'UTF-8' encoding to copy filtered resources.
2017-07-15 18:01:28,383 [Worker-50] INFO  o.e.m.c.i.embedder.EclipseLogger - Copying 0 resource
2017-07-15 18:01:28,384 [Worker-50] INFO  o.e.m.c.i.embedder.EclipseLogger - Copying 0 resource
2017-07-15 18:01:28,394 [Worker-50] INFO  o.e.m.c.i.embedder.EclipseLogger - Using 'UTF-8' encoding to copy filtered resources.
2017-07-15 18:01:28,395 [Worker-50] INFO  o.e.m.c.i.embedder.EclipseLogger - skip non existing resourceDirectory C:\Users\i318443\Desktop\Swiggy\Swiggy-Hackathrone\Swiggy-API2-FetchRestaurantItems\src\test\resources
2017-07-15 18:03:02,200 [Worker-49] INFO  o.e.m.c.i.embedder.EclipseLogger - Using 'UTF-8' encoding to copy filtered resources.
2017-07-15 18:03:02,202 [Worker-49] INFO  o.e.m.c.i.embedder.EclipseLogger - Copying 0 resource
2017-07-15 18:03:02,203 [Worker-49] INFO  o.e.m.c.i.embedder.EclipseLogger - Copying 0 resource
2017-07-15 18:03:02,207 [Worker-49] INFO  o.e.m.c.i.embedder.EclipseLogger - Using 'UTF-8' encoding to copy filtered resources.
2017-07-15 18:03:02,208 [Worker-49] INFO  o.e.m.c.i.embedder.EclipseLogger - skip non existing resourceDirectory C:\Users\i318443\Desktop\Swiggy\Swiggy-Hackathrone\Swiggy-API2-FetchRestaurantItems\src\test\resources
2017-07-15 18:03:03,273 [Worker-43] INFO  o.e.m.c.i.embedder.EclipseLogger - Using 'UTF-8' encoding to copy filtered resources.
2017-07-15 18:03:03,274 [Worker-43] INFO  o.e.m.c.i.embedder.EclipseLogger - Copying 0 resource
2017-07-15 18:03:03,275 [Worker-43] INFO  o.e.m.c.i.embedder.EclipseLogger - Copying 0 resource
2017-07-15 18:03:03,277 [Worker-43] INFO  o.e.m.c.i.embedder.EclipseLogger - Using 'UTF-8' encoding to copy filtered resources.
2017-07-15 18:03:03,278 [Worker-43] INFO  o.e.m.c.i.embedder.EclipseLogger - skip non existing resourceDirectory C:\Users\i318443\Desktop\Swiggy\Swiggy-Hackathrone\Swiggy-API2-FetchRestaurantItems\src\test\resources
2017-07-15 18:03:24,424 [Worker-41] INFO  o.e.m.c.i.embedder.EclipseLogger - Using 'UTF-8' encoding to copy filtered resources.
2017-07-15 18:03:24,426 [Worker-41] INFO  o.e.m.c.i.embedder.EclipseLogger - Copying 1 resource
2017-07-15 18:03:24,429 [Worker-41] INFO  o.e.m.c.i.embedder.EclipseLogger - Copying 0 resource
2017-07-15 18:03:24,431 [Worker-41] INFO  o.e.m.c.i.embedder.EclipseLogger - Using 'UTF-8' encoding to copy filtered resources.
2017-07-15 18:03:24,431 [Worker-41] INFO  o.e.m.c.i.embedder.EclipseLogger - skip non existing resourceDirectory C:\Users\i318443\Desktop\Swiggy\Swiggy-Hackathrone\Swiggy-API2-FetchRestaurantItems\src\test\resources
2017-07-15 18:03:33,708 [JavaFX Application Thread] INFO  o.e.m2e.actions.ExecutePomAction - Creating new launch configuration
2017-07-15 18:03:43,846 [Worker-42] INFO  o.e.m.i.launch.MavenLaunchDelegate - C:\Users\i318443\Desktop\Swiggy\Swiggy-Hackathrone\Swiggy-API2-FetchRestaurantItems
2017-07-15 18:03:43,847 [Worker-42] INFO  o.e.m.i.launch.MavenLaunchDelegate -  mvn -B clean install
2017-07-15 18:20:55,245 [Worker-57] INFO  o.e.m.c.i.embedder.EclipseLogger - Using 'UTF-8' encoding to copy filtered resources.
2017-07-15 18:20:55,246 [Worker-57] INFO  o.e.m.c.i.embedder.EclipseLogger - Copying 1 resource
2017-07-15 18:20:55,249 [Worker-57] INFO  o.e.m.c.i.embedder.EclipseLogger - Copying 0 resource
2017-07-15 18:20:55,251 [Worker-57] INFO  o.e.m.c.i.embedder.EclipseLogger - Using 'UTF-8' encoding to copy filtered resources.
2017-07-15 18:20:55,251 [Worker-57] INFO  o.e.m.c.i.embedder.EclipseLogger - skip non existing resourceDirectory C:\Users\i318443\Desktop\Swiggy\Swiggy-Hackathrone\Swiggy-API2-FetchRestaurantItems\src\test\resources
2017-07-15 18:21:30,605 [Worker-56] INFO  o.e.m.c.i.embedder.EclipseLogger - Using 'UTF-8' encoding to copy filtered resources.
2017-07-15 18:21:30,619 [Worker-56] INFO  o.e.m.c.i.embedder.EclipseLogger - Copying 1 resource
2017-07-15 18:21:30,622 [Worker-56] INFO  o.e.m.c.i.embedder.EclipseLogger - Copying 0 resource
2017-07-15 18:21:30,626 [Worker-56] INFO  o.e.m.c.i.embedder.EclipseLogger - Using 'UTF-8' encoding to copy filtered resources.
2017-07-15 18:21:30,627 [Worker-56] INFO  o.e.m.c.i.embedder.EclipseLogger - skip non existing resourceDirectory C:\Users\i318443\Desktop\Swiggy\Swiggy-Hackathrone\Swiggy-API2-FetchRestaurantItems\src\test\resources
2017-07-15 18:32:00,105 [Worker-59] INFO  o.e.m.c.i.embedder.EclipseLogger - Using 'UTF-8' encoding to copy filtered resources.
2017-07-15 18:32:00,106 [Worker-59] INFO  o.e.m.c.i.embedder.EclipseLogger - Copying 1 resource
2017-07-15 18:32:00,109 [Worker-59] INFO  o.e.m.c.i.embedder.EclipseLogger - Copying 0 resource
2017-07-15 18:32:00,113 [Worker-59] INFO  o.e.m.c.i.embedder.EclipseLogger - Using 'UTF-8' encoding to copy filtered resources.
2017-07-15 18:32:00,113 [Worker-59] INFO  o.e.m.c.i.embedder.EclipseLogger - skip non existing resourceDirectory C:\Users\i318443\Desktop\Swiggy\Swiggy-Hackathrone\Swiggy-API2-FetchRestaurantItems\src\test\resources
2017-07-15 18:39:33,736 [Worker-61] INFO  o.e.m.c.i.embedder.EclipseLogger - Using 'UTF-8' encoding to copy filtered resources.
2017-07-15 18:39:33,738 [Worker-61] INFO  o.e.m.c.i.embedder.EclipseLogger - Copying 1 resource
2017-07-15 18:39:33,739 [Worker-61] INFO  o.e.m.c.i.embedder.EclipseLogger - Copying 0 resource
2017-07-15 18:39:33,742 [Worker-61] INFO  o.e.m.c.i.embedder.EclipseLogger - Using 'UTF-8' encoding to copy filtered resources.
2017-07-15 18:39:33,742 [Worker-61] INFO  o.e.m.c.i.embedder.EclipseLogger - skip non existing resourceDirectory C:\Users\i318443\Desktop\Swiggy\Swiggy-Hackathrone\Swiggy-API2-FetchRestaurantItems\src\test\resources
2017-07-15 18:43:58,475 [Worker-61] INFO  o.e.m.c.i.embedder.EclipseLogger - Using 'UTF-8' encoding to copy filtered resources.
2017-07-15 18:43:58,477 [Worker-61] INFO  o.e.m.c.i.embedder.EclipseLogger - Copying 1 resource
2017-07-15 18:43:58,479 [Worker-61] INFO  o.e.m.c.i.embedder.EclipseLogger - Copying 0 resource
2017-07-15 18:43:58,481 [Worker-61] INFO  o.e.m.c.i.embedder.EclipseLogger - Using 'UTF-8' encoding to copy filtered resources.
2017-07-15 18:43:58,481 [Worker-61] INFO  o.e.m.c.i.embedder.EclipseLogger - skip non existing resourceDirectory C:\Users\i318443\Desktop\Swiggy\Swiggy-Hackathrone\Swiggy-API2-FetchRestaurantItems\src\test\resources
2017-07-15 18:45:36,393 [Worker-67] INFO  o.e.m.c.i.embedder.EclipseLogger - Using 'UTF-8' encoding to copy filtered resources.
2017-07-15 18:45:36,395 [Worker-67] INFO  o.e.m.c.i.embedder.EclipseLogger - Copying 1 resource
2017-07-15 18:45:36,398 [Worker-67] INFO  o.e.m.c.i.embedder.EclipseLogger - Copying 0 resource
2017-07-15 18:45:36,400 [Worker-67] INFO  o.e.m.c.i.embedder.EclipseLogger - Using 'UTF-8' encoding to copy filtered resources.
2017-07-15 18:45:36,400 [Worker-67] INFO  o.e.m.c.i.embedder.EclipseLogger - skip non existing resourceDirectory C:\Users\i318443\Desktop\Swiggy\Swiggy-Hackathrone\Swiggy-API2-FetchRestaurantItems\src\test\resources
2017-07-15 18:45:48,008 [Worker-72] INFO  o.e.m.c.i.embedder.EclipseLogger - Using 'UTF-8' encoding to copy filtered resources.
2017-07-15 18:45:48,009 [Worker-72] INFO  o.e.m.c.i.embedder.EclipseLogger - Copying 1 resource
2017-07-15 18:45:48,012 [Worker-72] INFO  o.e.m.c.i.embedder.EclipseLogger - Copying 0 resource
2017-07-15 18:45:48,023 [Worker-72] INFO  o.e.m.c.i.embedder.EclipseLogger - Using 'UTF-8' encoding to copy filtered resources.
2017-07-15 18:45:48,027 [Worker-72] INFO  o.e.m.c.i.embedder.EclipseLogger - skip non existing resourceDirectory C:\Users\i318443\Desktop\Swiggy\Swiggy-Hackathrone\Swiggy-API2-FetchRestaurantItems\src\test\resources
2017-07-15 18:47:56,724 [Worker-71] INFO  o.e.m.c.i.embedder.EclipseLogger - Using 'UTF-8' encoding to copy filtered resources.
2017-07-15 18:47:56,725 [Worker-71] INFO  o.e.m.c.i.embedder.EclipseLogger - Copying 1 resource
2017-07-15 18:47:56,728 [Worker-71] INFO  o.e.m.c.i.embedder.EclipseLogger - Copying 0 resource
2017-07-15 18:47:56,730 [Worker-71] INFO  o.e.m.c.i.embedder.EclipseLogger - Using 'UTF-8' encoding to copy filtered resources.
2017-07-15 18:47:56,731 [Worker-71] INFO  o.e.m.c.i.embedder.EclipseLogger - skip non existing resourceDirectory C:\Users\i318443\Desktop\Swiggy\Swiggy-Hackathrone\Swiggy-API2-FetchRestaurantItems\src\test\resources
2017-07-15 18:48:24,975 [Worker-74] INFO  o.e.m.c.i.embedder.EclipseLogger - Using 'UTF-8' encoding to copy filtered resources.
2017-07-15 18:48:24,977 [Worker-74] INFO  o.e.m.c.i.embedder.EclipseLogger - Copying 1 resource
2017-07-15 18:48:24,979 [Worker-74] INFO  o.e.m.c.i.embedder.EclipseLogger - Copying 0 resource
2017-07-15 18:48:24,982 [Worker-74] INFO  o.e.m.c.i.embedder.EclipseLogger - Using 'UTF-8' encoding to copy filtered resources.
2017-07-15 18:48:24,982 [Worker-74] INFO  o.e.m.c.i.embedder.EclipseLogger - skip non existing resourceDirectory C:\Users\i318443\Desktop\Swiggy\Swiggy-Hackathrone\Swiggy-API2-FetchRestaurantItems\src\test\resources
2017-07-15 18:50:27,729 [Worker-75] INFO  o.e.m.c.i.embedder.EclipseLogger - Using 'UTF-8' encoding to copy filtered resources.
2017-07-15 18:50:27,730 [Worker-75] INFO  o.e.m.c.i.embedder.EclipseLogger - Copying 1 resource
2017-07-15 18:50:27,732 [Worker-75] INFO  o.e.m.c.i.embedder.EclipseLogger - Copying 0 resource
2017-07-15 18:50:27,734 [Worker-75] INFO  o.e.m.c.i.embedder.EclipseLogger - Using 'UTF-8' encoding to copy filtered resources.
2017-07-15 18:50:27,735 [Worker-75] INFO  o.e.m.c.i.embedder.EclipseLogger - skip non existing resourceDirectory C:\Users\i318443\Desktop\Swiggy\Swiggy-Hackathrone\Swiggy-API2-FetchRestaurantItems\src\test\resources
2017-07-15 19:14:47,571 [Worker-90] ERROR o.e.m.c.i.URLConnectionCaches - Unexpected URLConnection defaultUseCaches enabled
2017-07-15 19:14:59,970 [Worker-93] ERROR o.e.m.c.i.URLConnectionCaches - Unexpected URLConnection defaultUseCaches enabled
2017-07-15 19:15:00,814 [Worker-93] INFO  o.e.m.c.i.l.LifecycleMappingFactory - Using org.eclipse.m2e.jdt.JarLifecycleMapping lifecycle mapping for MavenProject: com.swiggy.hackathrone:Swiggy-API2-FetchRestaurantItems:0.0.1-SNAPSHOT @ C:\Users\i318443\Desktop\Swiggy\Swiggy-Hackathrone\Swiggy-API\pom.xml.
2017-07-15 19:15:01,816 [Worker-93] ERROR o.e.m.c.i.URLConnectionCaches - Unexpected URLConnection defaultUseCaches enabled
2017-07-15 19:15:01,966 [Worker-93] INFO  o.e.m.c.i.embedder.EclipseLogger - Using 'UTF-8' encoding to copy filtered resources.
2017-07-15 19:15:01,967 [Worker-93] INFO  o.e.m.c.i.embedder.EclipseLogger - Copying 1 resource
2017-07-15 19:15:01,977 [Worker-93] INFO  o.e.m.c.i.embedder.EclipseLogger - Copying 0 resource
2017-07-15 19:15:01,980 [Worker-93] INFO  o.e.m.c.i.embedder.EclipseLogger - Using 'UTF-8' encoding to copy filtered resources.
2017-07-15 19:15:01,980 [Worker-93] INFO  o.e.m.c.i.embedder.EclipseLogger - skip non existing resourceDirectory C:\Users\i318443\Desktop\Swiggy\Swiggy-Hackathrone\Swiggy-API\src\test\resources
2017-07-15 19:15:04,311 [Worker-91] ERROR o.e.m.c.i.URLConnectionCaches - Unexpected URLConnection defaultUseCaches enabled
2017-07-15 19:15:04,316 [Worker-91] INFO  o.e.m.c.i.embedder.EclipseLogger - Using 'UTF-8' encoding to copy filtered resources.
2017-07-15 19:15:04,319 [Worker-91] INFO  o.e.m.c.i.embedder.EclipseLogger - Copying 1 resource
2017-07-15 19:15:04,322 [Worker-91] INFO  o.e.m.c.i.embedder.EclipseLogger - Copying 0 resource
2017-07-15 19:15:04,324 [Worker-91] INFO  o.e.m.c.i.embedder.EclipseLogger - Using 'UTF-8' encoding to copy filtered resources.
2017-07-15 19:15:04,324 [Worker-91] INFO  o.e.m.c.i.embedder.EclipseLogger - skip non existing resourceDirectory C:\Users\i318443\Desktop\Swiggy\Swiggy-Hackathrone\Swiggy-API\src\test\resources
2017-07-15 19:15:10,096 [Worker-89] ERROR o.e.m.c.i.URLConnectionCaches - Unexpected URLConnection defaultUseCaches enabled
2017-07-15 19:15:10,100 [Worker-89] INFO  o.e.m.c.i.embedder.EclipseLogger - Using 'UTF-8' encoding to copy filtered resources.
2017-07-15 19:15:10,101 [Worker-89] INFO  o.e.m.c.i.embedder.EclipseLogger - Copying 1 resource
2017-07-15 19:15:10,103 [Worker-89] INFO  o.e.m.c.i.embedder.EclipseLogger - Copying 0 resource
2017-07-15 19:15:10,104 [Worker-89] INFO  o.e.m.c.i.embedder.EclipseLogger - Using 'UTF-8' encoding to copy filtered resources.
2017-07-15 19:15:10,105 [Worker-89] INFO  o.e.m.c.i.embedder.EclipseLogger - skip non existing resourceDirectory C:\Users\i318443\Desktop\Swiggy\Swiggy-Hackathrone\Swiggy-API\src\test\resources
2017-07-15 19:29:03,331 [Worker-99] ERROR o.e.m.c.i.URLConnectionCaches - Unexpected URLConnection defaultUseCaches enabled
2017-07-15 19:29:03,335 [Worker-99] INFO  o.e.m.c.i.embedder.EclipseLogger - Using 'UTF-8' encoding to copy filtered resources.
2017-07-15 19:29:03,336 [Worker-99] INFO  o.e.m.c.i.embedder.EclipseLogger - Copying 1 resource
2017-07-15 19:29:03,339 [Worker-99] INFO  o.e.m.c.i.embedder.EclipseLogger - Copying 0 resource
2017-07-15 19:29:03,340 [Worker-99] INFO  o.e.m.c.i.embedder.EclipseLogger - Using 'UTF-8' encoding to copy filtered resources.
2017-07-15 19:29:03,341 [Worker-99] INFO  o.e.m.c.i.embedder.EclipseLogger - skip non existing resourceDirectory C:\Users\i318443\Desktop\Swiggy\Swiggy-Hackathrone\Swiggy-API\src\test\resources
2017-07-15 19:31:18,203 [Worker-95] ERROR o.e.m.c.i.URLConnectionCaches - Unexpected URLConnection defaultUseCaches enabled
2017-07-15 19:31:18,209 [Worker-95] INFO  o.e.m.c.i.embedder.EclipseLogger - Using 'UTF-8' encoding to copy filtered resources.
2017-07-15 19:31:18,210 [Worker-95] INFO  o.e.m.c.i.embedder.EclipseLogger - Copying 1 resource
2017-07-15 19:31:18,213 [Worker-95] INFO  o.e.m.c.i.embedder.EclipseLogger - Copying 0 resource
2017-07-15 19:31:18,216 [Worker-95] INFO  o.e.m.c.i.embedder.EclipseLogger - Using 'UTF-8' encoding to copy filtered resources.
2017-07-15 19:31:18,216 [Worker-95] INFO  o.e.m.c.i.embedder.EclipseLogger - skip non existing resourceDirectory C:\Users\i318443\Desktop\Swiggy\Swiggy-Hackathrone\Swiggy-API\src\test\resources
2017-07-15 19:32:28,769 [Worker-98] ERROR o.e.m.c.i.URLConnectionCaches - Unexpected URLConnection defaultUseCaches enabled
2017-07-15 19:32:28,773 [Worker-98] INFO  o.e.m.c.i.embedder.EclipseLogger - Using 'UTF-8' encoding to copy filtered resources.
2017-07-15 19:32:28,775 [Worker-98] INFO  o.e.m.c.i.embedder.EclipseLogger - Copying 1 resource
2017-07-15 19:32:28,777 [Worker-98] INFO  o.e.m.c.i.embedder.EclipseLogger - Copying 0 resource
2017-07-15 19:32:28,779 [Worker-98] INFO  o.e.m.c.i.embedder.EclipseLogger - Using 'UTF-8' encoding to copy filtered resources.
2017-07-15 19:32:28,779 [Worker-98] INFO  o.e.m.c.i.embedder.EclipseLogger - skip non existing resourceDirectory C:\Users\i318443\Desktop\Swiggy\Swiggy-Hackathrone\Swiggy-API\src\test\resources
2017-07-15 19:32:55,220 [Worker-100] ERROR o.e.m.c.i.URLConnectionCaches - Unexpected URLConnection defaultUseCaches enabled
2017-07-15 19:32:55,224 [Worker-100] INFO  o.e.m.c.i.embedder.EclipseLogger - Using 'UTF-8' encoding to copy filtered resources.
2017-07-15 19:32:55,225 [Worker-100] INFO  o.e.m.c.i.embedder.EclipseLogger - Copying 1 resource
2017-07-15 19:32:55,228 [Worker-100] INFO  o.e.m.c.i.embedder.EclipseLogger - Copying 0 resource
2017-07-15 19:32:55,229 [Worker-100] INFO  o.e.m.c.i.embedder.EclipseLogger - Using 'UTF-8' encoding to copy filtered resources.
2017-07-15 19:32:55,230 [Worker-100] INFO  o.e.m.c.i.embedder.EclipseLogger - skip non existing resourceDirectory C:\Users\i318443\Desktop\Swiggy\Swiggy-Hackathrone\Swiggy-API\src\test\resources
2017-07-15 19:45:39,980 [Worker-98] ERROR o.e.m.c.i.URLConnectionCaches - Unexpected URLConnection defaultUseCaches enabled
2017-07-15 19:45:39,984 [Worker-98] INFO  o.e.m.c.i.embedder.EclipseLogger - Using 'UTF-8' encoding to copy filtered resources.
2017-07-15 19:45:39,986 [Worker-98] INFO  o.e.m.c.i.embedder.EclipseLogger - Copying 1 resource
2017-07-15 19:45:39,989 [Worker-98] INFO  o.e.m.c.i.embedder.EclipseLogger - Copying 0 resource
2017-07-15 19:45:39,993 [Worker-98] INFO  o.e.m.c.i.embedder.EclipseLogger - Using 'UTF-8' encoding to copy filtered resources.
2017-07-15 19:45:39,994 [Worker-98] INFO  o.e.m.c.i.embedder.EclipseLogger - skip non existing resourceDirectory C:\Users\i318443\Desktop\Swiggy\Swiggy-Hackathrone\Swiggy-API\src\test\resources
2017-07-15 19:46:25,105 [Worker-100] ERROR o.e.m.c.i.URLConnectionCaches - Unexpected URLConnection defaultUseCaches enabled
2017-07-15 19:46:25,110 [Worker-100] INFO  o.e.m.c.i.embedder.EclipseLogger - Using 'UTF-8' encoding to copy filtered resources.
2017-07-15 19:46:25,111 [Worker-100] INFO  o.e.m.c.i.embedder.EclipseLogger - Copying 1 resource
2017-07-15 19:46:25,113 [Worker-100] INFO  o.e.m.c.i.embedder.EclipseLogger - Copying 0 resource
2017-07-15 19:46:25,115 [Worker-100] INFO  o.e.m.c.i.embedder.EclipseLogger - Using 'UTF-8' encoding to copy filtered resources.
2017-07-15 19:46:25,115 [Worker-100] INFO  o.e.m.c.i.embedder.EclipseLogger - skip non existing resourceDirectory C:\Users\i318443\Desktop\Swiggy\Swiggy-Hackathrone\Swiggy-API\src\test\resources
2017-07-15 19:55:01,386 [Worker-104] ERROR o.e.m.c.i.URLConnectionCaches - Unexpected URLConnection defaultUseCaches enabled
2017-07-15 19:55:01,390 [Worker-104] INFO  o.e.m.c.i.embedder.EclipseLogger - Using 'UTF-8' encoding to copy filtered resources.
2017-07-15 19:55:01,392 [Worker-104] INFO  o.e.m.c.i.embedder.EclipseLogger - Copying 1 resource
2017-07-15 19:55:01,397 [Worker-104] INFO  o.e.m.c.i.embedder.EclipseLogger - Copying 0 resource
2017-07-15 19:55:01,400 [Worker-104] INFO  o.e.m.c.i.embedder.EclipseLogger - Using 'UTF-8' encoding to copy filtered resources.
2017-07-15 19:55:01,402 [Worker-104] INFO  o.e.m.c.i.embedder.EclipseLogger - skip non existing resourceDirectory C:\Users\i318443\Desktop\Swiggy\Swiggy-Hackathrone\Swiggy-API\src\test\resources
2017-07-15 20:10:03,216 [Worker-119] ERROR o.e.m.c.i.URLConnectionCaches - Unexpected URLConnection defaultUseCaches enabled
2017-07-15 20:10:03,222 [Worker-119] INFO  o.e.m.c.i.embedder.EclipseLogger - Using 'UTF-8' encoding to copy filtered resources.
2017-07-15 20:10:03,224 [Worker-119] INFO  o.e.m.c.i.embedder.EclipseLogger - Copying 1 resource
2017-07-15 20:10:03,226 [Worker-119] INFO  o.e.m.c.i.embedder.EclipseLogger - Copying 0 resource
2017-07-15 20:10:03,228 [Worker-119] INFO  o.e.m.c.i.embedder.EclipseLogger - Using 'UTF-8' encoding to copy filtered resources.
2017-07-15 20:10:03,229 [Worker-119] INFO  o.e.m.c.i.embedder.EclipseLogger - skip non existing resourceDirectory C:\Users\i318443\Desktop\Swiggy\Swiggy-Hackathrone\Swiggy-API\src\test\resources
2017-07-15 20:11:36,492 [Worker-119] ERROR o.e.m.c.i.URLConnectionCaches - Unexpected URLConnection defaultUseCaches enabled
2017-07-15 20:11:36,496 [Worker-119] INFO  o.e.m.c.i.embedder.EclipseLogger - Using 'UTF-8' encoding to copy filtered resources.
2017-07-15 20:11:36,497 [Worker-119] INFO  o.e.m.c.i.embedder.EclipseLogger - Copying 1 resource
2017-07-15 20:11:36,500 [Worker-119] INFO  o.e.m.c.i.embedder.EclipseLogger - Copying 0 resource
2017-07-15 20:11:36,502 [Worker-119] INFO  o.e.m.c.i.embedder.EclipseLogger - Using 'UTF-8' encoding to copy filtered resources.
2017-07-15 20:11:36,502 [Worker-119] INFO  o.e.m.c.i.embedder.EclipseLogger - skip non existing resourceDirectory C:\Users\i318443\Desktop\Swiggy\Swiggy-Hackathrone\Swiggy-API\src\test\resources
2017-07-15 20:12:58,020 [Worker-121] ERROR o.e.m.c.i.URLConnectionCaches - Unexpected URLConnection defaultUseCaches enabled
2017-07-15 20:12:58,025 [Worker-121] INFO  o.e.m.c.i.embedder.EclipseLogger - Using 'UTF-8' encoding to copy filtered resources.
2017-07-15 20:12:58,026 [Worker-121] INFO  o.e.m.c.i.embedder.EclipseLogger - Copying 1 resource
2017-07-15 20:12:58,028 [Worker-121] INFO  o.e.m.c.i.embedder.EclipseLogger - Copying 0 resource
2017-07-15 20:12:58,030 [Worker-121] INFO  o.e.m.c.i.embedder.EclipseLogger - Using 'UTF-8' encoding to copy filtered resources.
2017-07-15 20:12:58,031 [Worker-121] INFO  o.e.m.c.i.embedder.EclipseLogger - skip non existing resourceDirectory C:\Users\i318443\Desktop\Swiggy\Swiggy-Hackathrone\Swiggy-API\src\test\resources
2017-07-15 20:14:04,132 [Worker-119] ERROR o.e.m.c.i.URLConnectionCaches - Unexpected URLConnection defaultUseCaches enabled
2017-07-15 20:14:04,136 [Worker-119] INFO  o.e.m.c.i.embedder.EclipseLogger - Using 'UTF-8' encoding to copy filtered resources.
2017-07-15 20:14:04,138 [Worker-119] INFO  o.e.m.c.i.embedder.EclipseLogger - Copying 1 resource
2017-07-15 20:14:04,140 [Worker-119] INFO  o.e.m.c.i.embedder.EclipseLogger - Copying 0 resource
2017-07-15 20:14:04,142 [Worker-119] INFO  o.e.m.c.i.embedder.EclipseLogger - Using 'UTF-8' encoding to copy filtered resources.
2017-07-15 20:14:04,142 [Worker-119] INFO  o.e.m.c.i.embedder.EclipseLogger - skip non existing resourceDirectory C:\Users\i318443\Desktop\Swiggy\Swiggy-Hackathrone\Swiggy-API\src\test\resources
2017-07-15 20:15:18,537 [Worker-114] ERROR o.e.m.c.i.URLConnectionCaches - Unexpected URLConnection defaultUseCaches enabled
2017-07-15 20:15:18,541 [Worker-114] INFO  o.e.m.c.i.embedder.EclipseLogger - Using 'UTF-8' encoding to copy filtered resources.
2017-07-15 20:15:18,542 [Worker-114] INFO  o.e.m.c.i.embedder.EclipseLogger - Copying 1 resource
2017-07-15 20:15:18,545 [Worker-114] INFO  o.e.m.c.i.embedder.EclipseLogger - Copying 0 resource
2017-07-15 20:15:18,547 [Worker-114] INFO  o.e.m.c.i.embedder.EclipseLogger - Using 'UTF-8' encoding to copy filtered resources.
2017-07-15 20:15:18,547 [Worker-114] INFO  o.e.m.c.i.embedder.EclipseLogger - skip non existing resourceDirectory C:\Users\i318443\Desktop\Swiggy\Swiggy-Hackathrone\Swiggy-API\src\test\resources
2017-07-15 20:15:58,355 [Worker-119] ERROR o.e.m.c.i.URLConnectionCaches - Unexpected URLConnection defaultUseCaches enabled
2017-07-15 20:15:58,360 [Worker-119] INFO  o.e.m.c.i.embedder.EclipseLogger - Using 'UTF-8' encoding to copy filtered resources.
2017-07-15 20:15:58,362 [Worker-119] INFO  o.e.m.c.i.embedder.EclipseLogger - Copying 1 resource
2017-07-15 20:15:58,364 [Worker-119] INFO  o.e.m.c.i.embedder.EclipseLogger - Copying 0 resource
2017-07-15 20:15:58,368 [Worker-119] INFO  o.e.m.c.i.embedder.EclipseLogger - Using 'UTF-8' encoding to copy filtered resources.
2017-07-15 20:15:58,368 [Worker-119] INFO  o.e.m.c.i.embedder.EclipseLogger - skip non existing resourceDirectory C:\Users\i318443\Desktop\Swiggy\Swiggy-Hackathrone\Swiggy-API\src\test\resources
2017-07-15 20:18:08,963 [Worker-130] ERROR o.e.m.c.i.URLConnectionCaches - Unexpected URLConnection defaultUseCaches enabled
2017-07-15 20:18:08,966 [Worker-130] INFO  o.e.m.c.i.embedder.EclipseLogger - Using 'UTF-8' encoding to copy filtered resources.
2017-07-15 20:18:08,968 [Worker-130] INFO  o.e.m.c.i.embedder.EclipseLogger - Copying 1 resource
2017-07-15 20:18:08,970 [Worker-130] INFO  o.e.m.c.i.embedder.EclipseLogger - Copying 0 resource
2017-07-15 20:18:08,973 [Worker-130] INFO  o.e.m.c.i.embedder.EclipseLogger - Using 'UTF-8' encoding to copy filtered resources.
2017-07-15 20:18:08,973 [Worker-130] INFO  o.e.m.c.i.embedder.EclipseLogger - skip non existing resourceDirectory C:\Users\i318443\Desktop\Swiggy\Swiggy-Hackathrone\Swiggy-API\src\test\resources
2017-07-15 20:18:23,794 [Worker-129] INFO  o.e.m.c.i.p.ProjectConfigurationManager - Update started
2017-07-15 20:18:23,812 [Worker-129] ERROR o.e.m.c.i.URLConnectionCaches - Unexpected URLConnection defaultUseCaches enabled
2017-07-15 20:18:24,387 [Worker-129] INFO  o.e.m.c.i.l.LifecycleMappingFactory - Using org.eclipse.m2e.jdt.JarLifecycleMapping lifecycle mapping for MavenProject: com.swiggy.hackathrone:Swiggy-API2-FetchRestaurantItems:0.0.1-SNAPSHOT @ C:\Users\i318443\Desktop\Swiggy\Swiggy-Hackathrone\Swiggy-API\pom.xml.
2017-07-15 20:18:24,771 [Worker-129] ERROR o.e.m.c.i.URLConnectionCaches - Unexpected URLConnection defaultUseCaches enabled
2017-07-15 20:18:24,905 [Worker-129] INFO  o.e.m.j.i.AbstractJavaProjectConfigurator - Adding source folder /Swiggy-API/src/main/java
2017-07-15 20:18:24,905 [Worker-129] INFO  o.e.m.j.i.AbstractJavaProjectConfigurator - Adding resource folder /Swiggy-API/src/main/resources
2017-07-15 20:18:24,905 [Worker-129] INFO  o.e.m.j.i.AbstractJavaProjectConfigurator - Adding resource folder /Swiggy-API/src/main/resources
2017-07-15 20:18:24,906 [Worker-129] INFO  o.e.m.j.i.AbstractJavaProjectConfigurator - Adding source folder /Swiggy-API/src/test/java
2017-07-15 20:18:25,142 [Worker-129] INFO  o.e.m.c.i.p.ProjectConfigurationManager - Update completed: 1 sec
2017-07-15 20:18:26,107 [Worker-114] ERROR o.e.m.c.i.URLConnectionCaches - Unexpected URLConnection defaultUseCaches enabled
2017-07-15 20:18:26,155 [Worker-114] INFO  o.e.m.c.i.embedder.EclipseLogger - Using 'UTF-8' encoding to copy filtered resources.
2017-07-15 20:18:26,157 [Worker-114] INFO  o.e.m.c.i.embedder.EclipseLogger - Copying 1 resource
2017-07-15 20:18:26,170 [Worker-114] INFO  o.e.m.c.i.embedder.EclipseLogger - Copying 0 resource
2017-07-15 20:18:26,172 [Worker-114] INFO  o.e.m.c.i.embedder.EclipseLogger - Using 'UTF-8' encoding to copy filtered resources.
2017-07-15 20:18:26,173 [Worker-114] INFO  o.e.m.c.i.embedder.EclipseLogger - skip non existing resourceDirectory C:\Users\i318443\Desktop\Swiggy\Swiggy-Hackathrone\Swiggy-API\src\test\resources
2017-07-15 20:20:39,088 [Worker-128] ERROR o.e.m.c.i.URLConnectionCaches - Unexpected URLConnection defaultUseCaches enabled
2017-07-15 20:20:39,092 [Worker-128] INFO  o.e.m.c.i.embedder.EclipseLogger - Using 'UTF-8' encoding to copy filtered resources.
2017-07-15 20:20:39,095 [Worker-128] INFO  o.e.m.c.i.embedder.EclipseLogger - Copying 1 resource
2017-07-15 20:20:39,097 [Worker-128] INFO  o.e.m.c.i.embedder.EclipseLogger - Copying 0 resource
2017-07-15 20:20:39,099 [Worker-128] INFO  o.e.m.c.i.embedder.EclipseLogger - Using 'UTF-8' encoding to copy filtered resources.
2017-07-15 20:20:39,099 [Worker-128] INFO  o.e.m.c.i.embedder.EclipseLogger - skip non existing resourceDirectory C:\Users\i318443\Desktop\Swiggy\Swiggy-Hackathrone\Swiggy-API\src\test\resources
2017-07-15 20:21:21,631 [Worker-131] ERROR o.e.m.c.i.URLConnectionCaches - Unexpected URLConnection defaultUseCaches enabled
2017-07-15 20:21:21,634 [Worker-131] INFO  o.e.m.c.i.embedder.EclipseLogger - Using 'UTF-8' encoding to copy filtered resources.
2017-07-15 20:21:21,636 [Worker-131] INFO  o.e.m.c.i.embedder.EclipseLogger - Copying 1 resource
2017-07-15 20:21:21,638 [Worker-131] INFO  o.e.m.c.i.embedder.EclipseLogger - Copying 0 resource
2017-07-15 20:21:21,640 [Worker-131] INFO  o.e.m.c.i.embedder.EclipseLogger - Using 'UTF-8' encoding to copy filtered resources.
2017-07-15 20:21:21,640 [Worker-131] INFO  o.e.m.c.i.embedder.EclipseLogger - skip non existing resourceDirectory C:\Users\i318443\Desktop\Swiggy\Swiggy-Hackathrone\Swiggy-API\src\test\resources
2017-07-15 20:55:43,609 [Worker-136] ERROR o.e.m.c.i.URLConnectionCaches - Unexpected URLConnection defaultUseCaches enabled
2017-07-15 20:55:43,612 [Worker-136] INFO  o.e.m.c.i.embedder.EclipseLogger - Using 'UTF-8' encoding to copy filtered resources.
2017-07-15 20:55:43,613 [Worker-136] INFO  o.e.m.c.i.embedder.EclipseLogger - Copying 1 resource
2017-07-15 20:55:43,615 [Worker-136] INFO  o.e.m.c.i.embedder.EclipseLogger - Copying 0 resource
2017-07-15 20:55:43,616 [Worker-136] INFO  o.e.m.c.i.embedder.EclipseLogger - Using 'UTF-8' encoding to copy filtered resources.
2017-07-15 20:55:43,617 [Worker-136] INFO  o.e.m.c.i.embedder.EclipseLogger - skip non existing resourceDirectory C:\Users\i318443\Desktop\Swiggy\Swiggy-Hackathrone\Swiggy-API\src\test\resources
2017-07-15 21:13:21,939 [Worker-150] ERROR o.e.m.c.i.URLConnectionCaches - Unexpected URLConnection defaultUseCaches enabled
2017-07-15 21:13:21,942 [Worker-150] INFO  o.e.m.c.i.embedder.EclipseLogger - Using 'UTF-8' encoding to copy filtered resources.
2017-07-15 21:13:21,943 [Worker-150] INFO  o.e.m.c.i.embedder.EclipseLogger - Copying 1 resource
2017-07-15 21:13:21,946 [Worker-150] INFO  o.e.m.c.i.embedder.EclipseLogger - Copying 0 resource
2017-07-15 21:13:21,949 [Worker-150] INFO  o.e.m.c.i.embedder.EclipseLogger - Using 'UTF-8' encoding to copy filtered resources.
2017-07-15 21:13:21,949 [Worker-150] INFO  o.e.m.c.i.embedder.EclipseLogger - skip non existing resourceDirectory C:\Users\i318443\Desktop\Swiggy\Swiggy-Hackathrone\Swiggy-API\src\test\resources
2017-07-15 21:17:49,873 [Worker-156] ERROR o.e.m.c.i.URLConnectionCaches - Unexpected URLConnection defaultUseCaches enabled
2017-07-15 21:17:49,876 [Worker-156] INFO  o.e.m.c.i.embedder.EclipseLogger - Using 'UTF-8' encoding to copy filtered resources.
2017-07-15 21:17:49,877 [Worker-156] INFO  o.e.m.c.i.embedder.EclipseLogger - Copying 1 resource
2017-07-15 21:17:49,880 [Worker-156] INFO  o.e.m.c.i.embedder.EclipseLogger - Copying 0 resource
2017-07-15 21:17:49,881 [Worker-156] INFO  o.e.m.c.i.embedder.EclipseLogger - Using 'UTF-8' encoding to copy filtered resources.
2017-07-15 21:17:49,881 [Worker-156] INFO  o.e.m.c.i.embedder.EclipseLogger - skip non existing resourceDirectory C:\Users\i318443\Desktop\Swiggy\Swiggy-Hackathrone\Swiggy-API\src\test\resources
2017-07-15 21:17:55,312 [Worker-156] INFO  o.e.m.c.i.p.ProjectConfigurationManager - Update started
2017-07-15 21:17:55,332 [Worker-156] ERROR o.e.m.c.i.URLConnectionCaches - Unexpected URLConnection defaultUseCaches enabled
2017-07-15 21:17:55,899 [Worker-156] INFO  o.e.m.c.i.l.LifecycleMappingFactory - Using org.eclipse.m2e.jdt.JarLifecycleMapping lifecycle mapping for MavenProject: com.swiggy.hackathrone:Swiggy-API2-FetchRestaurantItems:0.0.1-SNAPSHOT @ C:\Users\i318443\Desktop\Swiggy\Swiggy-Hackathrone\Swiggy-API\pom.xml.
2017-07-15 21:17:56,216 [Worker-156] ERROR o.e.m.c.i.URLConnectionCaches - Unexpected URLConnection defaultUseCaches enabled
2017-07-15 21:17:56,309 [Worker-156] INFO  o.e.m.j.i.AbstractJavaProjectConfigurator - Adding source folder /Swiggy-API/src/main/java
2017-07-15 21:17:56,309 [Worker-156] INFO  o.e.m.j.i.AbstractJavaProjectConfigurator - Adding resource folder /Swiggy-API/src/main/resources
2017-07-15 21:17:56,310 [Worker-156] INFO  o.e.m.j.i.AbstractJavaProjectConfigurator - Adding resource folder /Swiggy-API/src/main/resources
2017-07-15 21:17:56,310 [Worker-156] INFO  o.e.m.j.i.AbstractJavaProjectConfigurator - Adding source folder /Swiggy-API/src/test/java
2017-07-15 21:17:56,467 [Worker-156] INFO  o.e.m.c.i.p.ProjectConfigurationManager - Update completed: 1 sec
2017-07-15 21:17:57,426 [Worker-158] ERROR o.e.m.c.i.URLConnectionCaches - Unexpected URLConnection defaultUseCaches enabled
2017-07-15 21:17:57,441 [Worker-158] INFO  o.e.m.c.i.embedder.EclipseLogger - Using 'UTF-8' encoding to copy filtered resources.
2017-07-15 21:17:57,442 [Worker-158] INFO  o.e.m.c.i.embedder.EclipseLogger - Copying 1 resource
2017-07-15 21:17:57,454 [Worker-158] INFO  o.e.m.c.i.embedder.EclipseLogger - Copying 0 resource
2017-07-15 21:17:57,457 [Worker-158] INFO  o.e.m.c.i.embedder.EclipseLogger - Using 'UTF-8' encoding to copy filtered resources.
2017-07-15 21:17:57,457 [Worker-158] INFO  o.e.m.c.i.embedder.EclipseLogger - skip non existing resourceDirectory C:\Users\i318443\Desktop\Swiggy\Swiggy-Hackathrone\Swiggy-API\src\test\resources
2017-07-15 22:07:34,727 [Worker-183] ERROR o.e.m.c.i.URLConnectionCaches - Unexpected URLConnection defaultUseCaches enabled
2017-07-15 22:07:34,732 [Worker-183] INFO  o.e.m.c.i.embedder.EclipseLogger - Using 'UTF-8' encoding to copy filtered resources.
2017-07-15 22:07:34,735 [Worker-183] INFO  o.e.m.c.i.embedder.EclipseLogger - Copying 1 resource
2017-07-15 22:07:34,739 [Worker-183] INFO  o.e.m.c.i.embedder.EclipseLogger - Copying 0 resource
2017-07-15 22:07:34,741 [Worker-183] INFO  o.e.m.c.i.embedder.EclipseLogger - Using 'UTF-8' encoding to copy filtered resources.
2017-07-15 22:07:34,741 [Worker-183] INFO  o.e.m.c.i.embedder.EclipseLogger - skip non existing resourceDirectory C:\Users\i318443\Desktop\Swiggy\Swiggy-Hackathrone\Swiggy-API\src\test\resources
2017-07-15 22:08:45,227 [Worker-187] ERROR o.e.m.c.i.URLConnectionCaches - Unexpected URLConnection defaultUseCaches enabled
2017-07-15 22:08:45,231 [Worker-187] INFO  o.e.m.c.i.embedder.EclipseLogger - Using 'UTF-8' encoding to copy filtered resources.
2017-07-15 22:08:45,233 [Worker-187] INFO  o.e.m.c.i.embedder.EclipseLogger - Copying 1 resource
2017-07-15 22:08:45,235 [Worker-187] INFO  o.e.m.c.i.embedder.EclipseLogger - Copying 0 resource
2017-07-15 22:08:45,238 [Worker-187] INFO  o.e.m.c.i.embedder.EclipseLogger - Using 'UTF-8' encoding to copy filtered resources.
2017-07-15 22:08:45,238 [Worker-187] INFO  o.e.m.c.i.embedder.EclipseLogger - skip non existing resourceDirectory C:\Users\i318443\Desktop\Swiggy\Swiggy-Hackathrone\Swiggy-API\src\test\resources
2017-07-15 22:10:19,127 [Worker-189] ERROR o.e.m.c.i.URLConnectionCaches - Unexpected URLConnection defaultUseCaches enabled
2017-07-15 22:10:19,135 [Worker-189] INFO  o.e.m.c.i.embedder.EclipseLogger - Using 'UTF-8' encoding to copy filtered resources.
2017-07-15 22:10:19,136 [Worker-189] INFO  o.e.m.c.i.embedder.EclipseLogger - Copying 1 resource
2017-07-15 22:10:19,138 [Worker-189] INFO  o.e.m.c.i.embedder.EclipseLogger - Copying 0 resource
2017-07-15 22:10:19,140 [Worker-189] INFO  o.e.m.c.i.embedder.EclipseLogger - Using 'UTF-8' encoding to copy filtered resources.
2017-07-15 22:10:19,141 [Worker-189] INFO  o.e.m.c.i.embedder.EclipseLogger - skip non existing resourceDirectory C:\Users\i318443\Desktop\Swiggy\Swiggy-Hackathrone\Swiggy-API\src\test\resources
2017-07-15 22:10:53,804 [Worker-183] ERROR o.e.m.c.i.URLConnectionCaches - Unexpected URLConnection defaultUseCaches enabled
2017-07-15 22:10:53,807 [Worker-183] INFO  o.e.m.c.i.embedder.EclipseLogger - Using 'UTF-8' encoding to copy filtered resources.
2017-07-15 22:10:53,808 [Worker-183] INFO  o.e.m.c.i.embedder.EclipseLogger - Copying 1 resource
2017-07-15 22:10:53,811 [Worker-183] INFO  o.e.m.c.i.embedder.EclipseLogger - Copying 0 resource
2017-07-15 22:10:53,813 [Worker-183] INFO  o.e.m.c.i.embedder.EclipseLogger - Using 'UTF-8' encoding to copy filtered resources.
2017-07-15 22:10:53,813 [Worker-183] INFO  o.e.m.c.i.embedder.EclipseLogger - skip non existing resourceDirectory C:\Users\i318443\Desktop\Swiggy\Swiggy-Hackathrone\Swiggy-API\src\test\resources
2017-07-15 22:12:00,174 [Worker-183] ERROR o.e.m.c.i.URLConnectionCaches - Unexpected URLConnection defaultUseCaches enabled
2017-07-15 22:12:00,177 [Worker-183] INFO  o.e.m.c.i.embedder.EclipseLogger - Using 'UTF-8' encoding to copy filtered resources.
2017-07-15 22:12:00,179 [Worker-183] INFO  o.e.m.c.i.embedder.EclipseLogger - Copying 1 resource
2017-07-15 22:12:00,181 [Worker-183] INFO  o.e.m.c.i.embedder.EclipseLogger - Copying 0 resource
2017-07-15 22:12:00,184 [Worker-183] INFO  o.e.m.c.i.embedder.EclipseLogger - Using 'UTF-8' encoding to copy filtered resources.
2017-07-15 22:12:00,185 [Worker-183] INFO  o.e.m.c.i.embedder.EclipseLogger - skip non existing resourceDirectory C:\Users\i318443\Desktop\Swiggy\Swiggy-Hackathrone\Swiggy-API\src\test\resources
2017-07-15 22:13:02,295 [Worker-186] ERROR o.e.m.c.i.URLConnectionCaches - Unexpected URLConnection defaultUseCaches enabled
2017-07-15 22:13:02,300 [Worker-186] INFO  o.e.m.c.i.embedder.EclipseLogger - Using 'UTF-8' encoding to copy filtered resources.
2017-07-15 22:13:02,302 [Worker-186] INFO  o.e.m.c.i.embedder.EclipseLogger - Copying 1 resource
2017-07-15 22:13:02,315 [Worker-186] INFO  o.e.m.c.i.embedder.EclipseLogger - Copying 0 resource
2017-07-15 22:13:02,317 [Worker-186] INFO  o.e.m.c.i.embedder.EclipseLogger - Using 'UTF-8' encoding to copy filtered resources.
2017-07-15 22:13:02,318 [Worker-186] INFO  o.e.m.c.i.embedder.EclipseLogger - skip non existing resourceDirectory C:\Users\i318443\Desktop\Swiggy\Swiggy-Hackathrone\Swiggy-API\src\test\resources
2017-07-15 22:13:08,851 [Worker-177] ERROR o.e.m.c.i.URLConnectionCaches - Unexpected URLConnection defaultUseCaches enabled
2017-07-15 22:13:08,856 [Worker-177] INFO  o.e.m.c.i.embedder.EclipseLogger - Using 'UTF-8' encoding to copy filtered resources.
2017-07-15 22:13:08,857 [Worker-177] INFO  o.e.m.c.i.embedder.EclipseLogger - Copying 1 resource
2017-07-15 22:13:08,859 [Worker-177] INFO  o.e.m.c.i.embedder.EclipseLogger - Copying 0 resource
2017-07-15 22:13:08,863 [Worker-177] INFO  o.e.m.c.i.embedder.EclipseLogger - Using 'UTF-8' encoding to copy filtered resources.
2017-07-15 22:13:08,863 [Worker-177] INFO  o.e.m.c.i.embedder.EclipseLogger - skip non existing resourceDirectory C:\Users\i318443\Desktop\Swiggy\Swiggy-Hackathrone\Swiggy-API\src\test\resources
2017-07-15 22:14:32,050 [Worker-183] ERROR o.e.m.c.i.URLConnectionCaches - Unexpected URLConnection defaultUseCaches enabled
2017-07-15 22:14:32,053 [Worker-183] INFO  o.e.m.c.i.embedder.EclipseLogger - Using 'UTF-8' encoding to copy filtered resources.
2017-07-15 22:14:32,055 [Worker-183] INFO  o.e.m.c.i.embedder.EclipseLogger - Copying 1 resource
2017-07-15 22:14:32,057 [Worker-183] INFO  o.e.m.c.i.embedder.EclipseLogger - Copying 0 resource
2017-07-15 22:14:32,058 [Worker-183] INFO  o.e.m.c.i.embedder.EclipseLogger - Using 'UTF-8' encoding to copy filtered resources.
2017-07-15 22:14:32,059 [Worker-183] INFO  o.e.m.c.i.embedder.EclipseLogger - skip non existing resourceDirectory C:\Users\i318443\Desktop\Swiggy\Swiggy-Hackathrone\Swiggy-API\src\test\resources
2017-07-15 22:15:47,924 [Worker-182] ERROR o.e.m.c.i.URLConnectionCaches - Unexpected URLConnection defaultUseCaches enabled
2017-07-15 22:15:47,927 [Worker-182] INFO  o.e.m.c.i.embedder.EclipseLogger - Using 'UTF-8' encoding to copy filtered resources.
2017-07-15 22:15:47,929 [Worker-182] INFO  o.e.m.c.i.embedder.EclipseLogger - Copying 1 resource
2017-07-15 22:15:47,931 [Worker-182] INFO  o.e.m.c.i.embedder.EclipseLogger - Copying 0 resource
2017-07-15 22:15:47,932 [Worker-182] INFO  o.e.m.c.i.embedder.EclipseLogger - Using 'UTF-8' encoding to copy filtered resources.
2017-07-15 22:15:47,933 [Worker-182] INFO  o.e.m.c.i.embedder.EclipseLogger - skip non existing resourceDirectory C:\Users\i318443\Desktop\Swiggy\Swiggy-Hackathrone\Swiggy-API\src\test\resources
2017-07-15 22:39:32,563 [Worker-201] ERROR o.e.m.c.i.URLConnectionCaches - Unexpected URLConnection defaultUseCaches enabled
2017-07-15 22:39:32,567 [Worker-201] INFO  o.e.m.c.i.embedder.EclipseLogger - Using 'UTF-8' encoding to copy filtered resources.
2017-07-15 22:39:32,569 [Worker-201] INFO  o.e.m.c.i.embedder.EclipseLogger - Copying 1 resource
2017-07-15 22:39:32,572 [Worker-201] INFO  o.e.m.c.i.embedder.EclipseLogger - Copying 0 resource
2017-07-15 22:39:32,574 [Worker-201] INFO  o.e.m.c.i.embedder.EclipseLogger - Using 'UTF-8' encoding to copy filtered resources.
2017-07-15 22:39:32,574 [Worker-201] INFO  o.e.m.c.i.embedder.EclipseLogger - skip non existing resourceDirectory C:\Users\i318443\Desktop\Swiggy\Swiggy-Hackathrone\Swiggy-API\src\test\resources
2017-07-15 22:39:57,104 [Worker-199] ERROR o.e.m.c.i.URLConnectionCaches - Unexpected URLConnection defaultUseCaches enabled
2017-07-15 22:39:57,109 [Worker-199] INFO  o.e.m.c.i.embedder.EclipseLogger - Using 'UTF-8' encoding to copy filtered resources.
2017-07-15 22:39:57,110 [Worker-199] INFO  o.e.m.c.i.embedder.EclipseLogger - Copying 1 resource
2017-07-15 22:39:57,112 [Worker-199] INFO  o.e.m.c.i.embedder.EclipseLogger - Copying 0 resource
2017-07-15 22:39:57,115 [Worker-199] INFO  o.e.m.c.i.embedder.EclipseLogger - Using 'UTF-8' encoding to copy filtered resources.
2017-07-15 22:39:57,116 [Worker-199] INFO  o.e.m.c.i.embedder.EclipseLogger - skip non existing resourceDirectory C:\Users\i318443\Desktop\Swiggy\Swiggy-Hackathrone\Swiggy-API\src\test\resources
2017-07-15 22:40:43,479 [Worker-190] ERROR o.e.m.c.i.URLConnectionCaches - Unexpected URLConnection defaultUseCaches enabled
2017-07-15 22:40:43,482 [Worker-190] INFO  o.e.m.c.i.embedder.EclipseLogger - Using 'UTF-8' encoding to copy filtered resources.
2017-07-15 22:40:43,484 [Worker-190] INFO  o.e.m.c.i.embedder.EclipseLogger - Copying 1 resource
2017-07-15 22:40:43,487 [Worker-190] INFO  o.e.m.c.i.embedder.EclipseLogger - Copying 0 resource
2017-07-15 22:40:43,489 [Worker-190] INFO  o.e.m.c.i.embedder.EclipseLogger - Using 'UTF-8' encoding to copy filtered resources.
2017-07-15 22:40:43,489 [Worker-190] INFO  o.e.m.c.i.embedder.EclipseLogger - skip non existing resourceDirectory C:\Users\i318443\Desktop\Swiggy\Swiggy-Hackathrone\Swiggy-API\src\test\resources
2017-07-15 22:40:53,423 [Worker-202] ERROR o.e.m.c.i.URLConnectionCaches - Unexpected URLConnection defaultUseCaches enabled
2017-07-15 22:40:53,427 [Worker-202] INFO  o.e.m.c.i.embedder.EclipseLogger - Using 'UTF-8' encoding to copy filtered resources.
2017-07-15 22:40:53,428 [Worker-202] INFO  o.e.m.c.i.embedder.EclipseLogger - Copying 1 resource
2017-07-15 22:40:53,431 [Worker-202] INFO  o.e.m.c.i.embedder.EclipseLogger - Copying 0 resource
2017-07-15 22:40:53,433 [Worker-202] INFO  o.e.m.c.i.embedder.EclipseLogger - Using 'UTF-8' encoding to copy filtered resources.
2017-07-15 22:40:53,433 [Worker-202] INFO  o.e.m.c.i.embedder.EclipseLogger - skip non existing resourceDirectory C:\Users\i318443\Desktop\Swiggy\Swiggy-Hackathrone\Swiggy-API\src\test\resources
2017-07-15 22:41:05,268 [Worker-196] ERROR o.e.m.c.i.URLConnectionCaches - Unexpected URLConnection defaultUseCaches enabled
2017-07-15 22:41:05,271 [Worker-196] INFO  o.e.m.c.i.embedder.EclipseLogger - Using 'UTF-8' encoding to copy filtered resources.
2017-07-15 22:41:05,272 [Worker-196] INFO  o.e.m.c.i.embedder.EclipseLogger - Copying 1 resource
2017-07-15 22:41:05,274 [Worker-196] INFO  o.e.m.c.i.embedder.EclipseLogger - Copying 0 resource
2017-07-15 22:41:05,276 [Worker-196] INFO  o.e.m.c.i.embedder.EclipseLogger - Using 'UTF-8' encoding to copy filtered resources.
2017-07-15 22:41:05,276 [Worker-196] INFO  o.e.m.c.i.embedder.EclipseLogger - skip non existing resourceDirectory C:\Users\i318443\Desktop\Swiggy\Swiggy-Hackathrone\Swiggy-API\src\test\resources
2017-07-15 22:42:03,726 [Worker-202] ERROR o.e.m.c.i.URLConnectionCaches - Unexpected URLConnection defaultUseCaches enabled
2017-07-15 22:42:03,730 [Worker-202] INFO  o.e.m.c.i.embedder.EclipseLogger - Using 'UTF-8' encoding to copy filtered resources.
2017-07-15 22:42:03,732 [Worker-202] INFO  o.e.m.c.i.embedder.EclipseLogger - Copying 1 resource
2017-07-15 22:42:03,734 [Worker-202] INFO  o.e.m.c.i.embedder.EclipseLogger - Copying 0 resource
2017-07-15 22:42:03,736 [Worker-202] INFO  o.e.m.c.i.embedder.EclipseLogger - Using 'UTF-8' encoding to copy filtered resources.
2017-07-15 22:42:03,736 [Worker-202] INFO  o.e.m.c.i.embedder.EclipseLogger - skip non existing resourceDirectory C:\Users\i318443\Desktop\Swiggy\Swiggy-Hackathrone\Swiggy-API\src\test\resources
2017-07-15 22:42:14,490 [Worker-199] ERROR o.e.m.c.i.URLConnectionCaches - Unexpected URLConnection defaultUseCaches enabled
2017-07-15 22:42:14,494 [Worker-199] INFO  o.e.m.c.i.embedder.EclipseLogger - Using 'UTF-8' encoding to copy filtered resources.
2017-07-15 22:42:14,495 [Worker-199] INFO  o.e.m.c.i.embedder.EclipseLogger - Copying 1 resource
2017-07-15 22:42:14,497 [Worker-199] INFO  o.e.m.c.i.embedder.EclipseLogger - Copying 0 resource
2017-07-15 22:42:14,499 [Worker-199] INFO  o.e.m.c.i.embedder.EclipseLogger - Using 'UTF-8' encoding to copy filtered resources.
2017-07-15 22:42:14,500 [Worker-199] INFO  o.e.m.c.i.embedder.EclipseLogger - skip non existing resourceDirectory C:\Users\i318443\Desktop\Swiggy\Swiggy-Hackathrone\Swiggy-API\src\test\resources
2017-07-15 22:44:02,050 [Worker-198] ERROR o.e.m.c.i.URLConnectionCaches - Unexpected URLConnection defaultUseCaches enabled
2017-07-15 22:44:02,053 [Worker-198] INFO  o.e.m.c.i.embedder.EclipseLogger - Using 'UTF-8' encoding to copy filtered resources.
2017-07-15 22:44:02,055 [Worker-198] INFO  o.e.m.c.i.embedder.EclipseLogger - Copying 1 resource
2017-07-15 22:44:02,057 [Worker-198] INFO  o.e.m.c.i.embedder.EclipseLogger - Copying 0 resource
2017-07-15 22:44:02,059 [Worker-198] INFO  o.e.m.c.i.embedder.EclipseLogger - Using 'UTF-8' encoding to copy filtered resources.
2017-07-15 22:44:02,059 [Worker-198] INFO  o.e.m.c.i.embedder.EclipseLogger - skip non existing resourceDirectory C:\Users\i318443\Desktop\Swiggy\Swiggy-Hackathrone\Swiggy-API\src\test\resources
